INFO [2018-05-17 12:11:06] $x
INFO [2018-05-17 12:11:06] list(data %>% filter(artist == "booba") %>% select(word) %>% 
INFO [2018-05-17 12:11:06]     unlist(), data %>% filter(artist == "nekfeu") %>% select(word) %>% 
INFO [2018-05-17 12:11:06]     unlist(), data %>% filter(artist == "georges-brassens") %>% 
INFO [2018-05-17 12:11:06]     select(word) %>% unlist())
INFO [2018-05-17 12:11:06] 
INFO [2018-05-17 12:11:06] $category.names
INFO [2018-05-17 12:11:06] c("Booba", "Nekfeu", "Brassens")
INFO [2018-05-17 12:11:06] 
INFO [2018-05-17 12:11:06] $filename
INFO [2018-05-17 12:11:06] [1] "venn.png"
INFO [2018-05-17 12:11:06] 
INFO [2018-05-17 12:11:06] $output
INFO [2018-05-17 12:11:06] [1] TRUE
INFO [2018-05-17 12:11:06] 
INFO [2018-05-17 12:11:06] $imagetype
INFO [2018-05-17 12:11:06] [1] "png"
INFO [2018-05-17 12:11:06] 
INFO [2018-05-17 12:11:06] $height
INFO [2018-05-17 12:11:06] [1] 480
INFO [2018-05-17 12:11:06] 
INFO [2018-05-17 12:11:06] $width
INFO [2018-05-17 12:11:06] [1] 480
INFO [2018-05-17 12:11:06] 
INFO [2018-05-17 12:11:06] $resolution
INFO [2018-05-17 12:11:06] [1] 300
INFO [2018-05-17 12:11:06] 
INFO [2018-05-17 12:11:06] $compression
INFO [2018-05-17 12:11:06] [1] "lzw"
INFO [2018-05-17 12:11:06] 
INFO [2018-05-17 12:11:06] $lwd
INFO [2018-05-17 12:11:06] [1] 1
INFO [2018-05-17 12:11:06] 
INFO [2018-05-17 12:11:06] $lty
INFO [2018-05-17 12:11:06] [1] "blank"
INFO [2018-05-17 12:11:06] 
INFO [2018-05-17 12:11:06] $fill
INFO [2018-05-17 12:11:06] c("yellow", "purple", "green")
INFO [2018-05-17 12:11:06] 
INFO [2018-05-17 12:11:06] $cex
INFO [2018-05-17 12:11:06] [1] 1
INFO [2018-05-17 12:11:06] 
INFO [2018-05-17 12:11:06] $fontfamily
INFO [2018-05-17 12:11:06] [1] "sans"
INFO [2018-05-17 12:11:06] 
INFO [2018-05-17 12:11:06] $cat.cex
INFO [2018-05-17 12:11:06] [1] 0.3
INFO [2018-05-17 12:11:06] 
INFO [2018-05-17 12:11:06] $cat.default.pos
INFO [2018-05-17 12:11:06] [1] "outer"
INFO [2018-05-17 12:11:06] 
INFO [2018-05-17 12:11:06] $cat.pos
INFO [2018-05-17 12:11:06] c(-27, 27, 135)
INFO [2018-05-17 12:11:06] 
INFO [2018-05-17 12:11:06] $cat.dist
INFO [2018-05-17 12:11:06] c(0.055, 0.055, 0.085)
INFO [2018-05-17 12:11:06] 
INFO [2018-05-17 12:11:06] $cat.fontfamily
INFO [2018-05-17 12:11:06] [1] "sans"
INFO [2018-05-17 12:11:06] 
INFO [2018-05-17 12:11:06] $rotation
INFO [2018-05-17 12:11:06] [1] 1
INFO [2018-05-17 12:11:06] 
