INFO [2018-08-20 16:23:07] $x
INFO [2018-08-20 16:23:07] list(data %>% filter(artist == "booba") %>% select(word) %>% 
INFO [2018-08-20 16:23:07]     unlist(), data %>% filter(artist == "nekfeu") %>% select(word) %>% 
INFO [2018-08-20 16:23:07]     unlist(), data %>% filter(artist == "georges-brassens") %>% 
INFO [2018-08-20 16:23:07]     select(word) %>% unlist())
INFO [2018-08-20 16:23:07] 
INFO [2018-08-20 16:23:07] $category.names
INFO [2018-08-20 16:23:07] c("Booba", "Nekfeu", "Brassens")
INFO [2018-08-20 16:23:07] 
INFO [2018-08-20 16:23:07] $filename
INFO [2018-08-20 16:23:07] [1] "venn.png"
INFO [2018-08-20 16:23:07] 
INFO [2018-08-20 16:23:07] $output
INFO [2018-08-20 16:23:07] [1] TRUE
INFO [2018-08-20 16:23:07] 
INFO [2018-08-20 16:23:07] $imagetype
INFO [2018-08-20 16:23:07] [1] "png"
INFO [2018-08-20 16:23:07] 
INFO [2018-08-20 16:23:07] $height
INFO [2018-08-20 16:23:07] [1] 480
INFO [2018-08-20 16:23:07] 
INFO [2018-08-20 16:23:07] $width
INFO [2018-08-20 16:23:07] [1] 480
INFO [2018-08-20 16:23:07] 
INFO [2018-08-20 16:23:07] $resolution
INFO [2018-08-20 16:23:07] [1] 300
INFO [2018-08-20 16:23:07] 
INFO [2018-08-20 16:23:07] $compression
INFO [2018-08-20 16:23:07] [1] "lzw"
INFO [2018-08-20 16:23:07] 
INFO [2018-08-20 16:23:07] $lwd
INFO [2018-08-20 16:23:07] [1] 1
INFO [2018-08-20 16:23:07] 
INFO [2018-08-20 16:23:07] $col
INFO [2018-08-20 16:23:07] c("#440154ff", "#21908dff", "#fde725ff")
INFO [2018-08-20 16:23:07] 
INFO [2018-08-20 16:23:07] $fill
INFO [2018-08-20 16:23:07] c(alpha("#440154ff", 0.3), alpha("#21908dff", 0.3), alpha("#fde725ff", 
INFO [2018-08-20 16:23:07]     0.3))
INFO [2018-08-20 16:23:07] 
INFO [2018-08-20 16:23:07] $cex
INFO [2018-08-20 16:23:07] [1] 0.5
INFO [2018-08-20 16:23:07] 
INFO [2018-08-20 16:23:07] $fontfamily
INFO [2018-08-20 16:23:07] [1] "sans"
INFO [2018-08-20 16:23:07] 
INFO [2018-08-20 16:23:07] $cat.cex
INFO [2018-08-20 16:23:07] [1] 0.6
INFO [2018-08-20 16:23:07] 
INFO [2018-08-20 16:23:07] $cat.default.pos
INFO [2018-08-20 16:23:07] [1] "outer"
INFO [2018-08-20 16:23:07] 
INFO [2018-08-20 16:23:07] $cat.pos
INFO [2018-08-20 16:23:07] c(-27, 27, 135)
INFO [2018-08-20 16:23:07] 
INFO [2018-08-20 16:23:07] $cat.dist
INFO [2018-08-20 16:23:07] c(0.055, 0.055, 0.085)
INFO [2018-08-20 16:23:07] 
INFO [2018-08-20 16:23:07] $cat.fontfamily
INFO [2018-08-20 16:23:07] [1] "sans"
INFO [2018-08-20 16:23:07] 
INFO [2018-08-20 16:23:07] $cat.col
INFO [2018-08-20 16:23:07] c("#440154ff", "#21908dff", "#fde725ff")
INFO [2018-08-20 16:23:07] 
INFO [2018-08-20 16:23:07] $rotation
INFO [2018-08-20 16:23:07] [1] 1
INFO [2018-08-20 16:23:07] 
