INFO [2018-05-17 12:18:23] $x
INFO [2018-05-17 12:18:23] list(data %>% filter(artist == "booba") %>% select(word) %>% 
INFO [2018-05-17 12:18:23]     unlist(), data %>% filter(artist == "nekfeu") %>% select(word) %>% 
INFO [2018-05-17 12:18:23]     unlist(), data %>% filter(artist == "georges-brassens") %>% 
INFO [2018-05-17 12:18:23]     select(word) %>% unlist())
INFO [2018-05-17 12:18:23] 
INFO [2018-05-17 12:18:23] $category.names
INFO [2018-05-17 12:18:23] c("Booba", "Nekfeu", "Brassens")
INFO [2018-05-17 12:18:23] 
INFO [2018-05-17 12:18:23] $filename
INFO [2018-05-17 12:18:23] [1] "venn.png"
INFO [2018-05-17 12:18:23] 
INFO [2018-05-17 12:18:23] $output
INFO [2018-05-17 12:18:23] [1] TRUE
INFO [2018-05-17 12:18:23] 
INFO [2018-05-17 12:18:23] $imagetype
INFO [2018-05-17 12:18:23] [1] "png"
INFO [2018-05-17 12:18:23] 
INFO [2018-05-17 12:18:23] $height
INFO [2018-05-17 12:18:23] [1] 480
INFO [2018-05-17 12:18:23] 
INFO [2018-05-17 12:18:23] $width
INFO [2018-05-17 12:18:23] [1] 480
INFO [2018-05-17 12:18:23] 
INFO [2018-05-17 12:18:23] $resolution
INFO [2018-05-17 12:18:23] [1] 300
INFO [2018-05-17 12:18:23] 
INFO [2018-05-17 12:18:23] $compression
INFO [2018-05-17 12:18:23] [1] "lzw"
INFO [2018-05-17 12:18:23] 
INFO [2018-05-17 12:18:23] $lwd
INFO [2018-05-17 12:18:23] [1] 1
INFO [2018-05-17 12:18:23] 
INFO [2018-05-17 12:18:23] $col
INFO [2018-05-17 12:18:23] c("#440154ff", "#21908dff", "#fde725ff")
INFO [2018-05-17 12:18:23] 
INFO [2018-05-17 12:18:23] $fill
INFO [2018-05-17 12:18:23] c(alpha("#440154ff", 0.3), "#21908dff", "#fde725ff")
INFO [2018-05-17 12:18:23] 
INFO [2018-05-17 12:18:23] $cex
INFO [2018-05-17 12:18:23] [1] 0.5
INFO [2018-05-17 12:18:23] 
INFO [2018-05-17 12:18:23] $fontfamily
INFO [2018-05-17 12:18:23] [1] "sans"
INFO [2018-05-17 12:18:23] 
INFO [2018-05-17 12:18:23] $cat.cex
INFO [2018-05-17 12:18:23] [1] 0.6
INFO [2018-05-17 12:18:23] 
INFO [2018-05-17 12:18:23] $cat.default.pos
INFO [2018-05-17 12:18:23] [1] "outer"
INFO [2018-05-17 12:18:23] 
INFO [2018-05-17 12:18:23] $cat.pos
INFO [2018-05-17 12:18:23] c(-27, 27, 135)
INFO [2018-05-17 12:18:23] 
INFO [2018-05-17 12:18:23] $cat.dist
INFO [2018-05-17 12:18:23] c(0.055, 0.055, 0.085)
INFO [2018-05-17 12:18:23] 
INFO [2018-05-17 12:18:23] $cat.fontfamily
INFO [2018-05-17 12:18:23] [1] "sans"
INFO [2018-05-17 12:18:23] 
INFO [2018-05-17 12:18:23] $rotation
INFO [2018-05-17 12:18:23] [1] 1
INFO [2018-05-17 12:18:23] 
