INFO [2018-07-04 16:44:39] $x
INFO [2018-07-04 16:44:39] list(data %>% filter(artist == "booba") %>% select(word) %>% 
INFO [2018-07-04 16:44:39]     unlist(), data %>% filter(artist == "nekfeu") %>% select(word) %>% 
INFO [2018-07-04 16:44:39]     unlist(), data %>% filter(artist == "georges-brassens") %>% 
INFO [2018-07-04 16:44:39]     select(word) %>% unlist())
INFO [2018-07-04 16:44:39] 
INFO [2018-07-04 16:44:39] $category.names
INFO [2018-07-04 16:44:39] c("Booba", "Nekfeu", "Brassens")
INFO [2018-07-04 16:44:39] 
INFO [2018-07-04 16:44:39] $filename
INFO [2018-07-04 16:44:39] [1] "venn.png"
INFO [2018-07-04 16:44:39] 
INFO [2018-07-04 16:44:39] $output
INFO [2018-07-04 16:44:39] [1] TRUE
INFO [2018-07-04 16:44:39] 
INFO [2018-07-04 16:44:39] $imagetype
INFO [2018-07-04 16:44:39] [1] "png"
INFO [2018-07-04 16:44:39] 
INFO [2018-07-04 16:44:39] $height
INFO [2018-07-04 16:44:39] [1] 480
INFO [2018-07-04 16:44:39] 
INFO [2018-07-04 16:44:39] $width
INFO [2018-07-04 16:44:39] [1] 480
INFO [2018-07-04 16:44:39] 
INFO [2018-07-04 16:44:39] $resolution
INFO [2018-07-04 16:44:39] [1] 300
INFO [2018-07-04 16:44:39] 
INFO [2018-07-04 16:44:39] $compression
INFO [2018-07-04 16:44:39] [1] "lzw"
INFO [2018-07-04 16:44:39] 
INFO [2018-07-04 16:44:39] $lwd
INFO [2018-07-04 16:44:39] [1] 1
INFO [2018-07-04 16:44:39] 
INFO [2018-07-04 16:44:39] $col
INFO [2018-07-04 16:44:39] c("#440154ff", "#21908dff", "#fde725ff")
INFO [2018-07-04 16:44:39] 
INFO [2018-07-04 16:44:39] $fill
INFO [2018-07-04 16:44:39] c(alpha("#440154ff", 0.3), alpha("#21908dff", 0.3), alpha("#fde725ff", 
INFO [2018-07-04 16:44:39]     0.3))
INFO [2018-07-04 16:44:39] 
INFO [2018-07-04 16:44:39] $cex
INFO [2018-07-04 16:44:39] [1] 0.5
INFO [2018-07-04 16:44:39] 
INFO [2018-07-04 16:44:39] $fontfamily
INFO [2018-07-04 16:44:39] [1] "sans"
INFO [2018-07-04 16:44:39] 
INFO [2018-07-04 16:44:39] $cat.cex
INFO [2018-07-04 16:44:39] [1] 0.6
INFO [2018-07-04 16:44:39] 
INFO [2018-07-04 16:44:39] $cat.default.pos
INFO [2018-07-04 16:44:39] [1] "outer"
INFO [2018-07-04 16:44:39] 
INFO [2018-07-04 16:44:39] $cat.pos
INFO [2018-07-04 16:44:39] c(-27, 27, 135)
INFO [2018-07-04 16:44:39] 
INFO [2018-07-04 16:44:39] $cat.dist
INFO [2018-07-04 16:44:39] c(0.055, 0.055, 0.085)
INFO [2018-07-04 16:44:39] 
INFO [2018-07-04 16:44:39] $cat.fontfamily
INFO [2018-07-04 16:44:39] [1] "sans"
INFO [2018-07-04 16:44:39] 
INFO [2018-07-04 16:44:39] $cat.col
INFO [2018-07-04 16:44:39] c("#440154ff", "#21908dff", "#fde725ff")
INFO [2018-07-04 16:44:39] 
INFO [2018-07-04 16:44:39] $rotation
INFO [2018-07-04 16:44:39] [1] 1
INFO [2018-07-04 16:44:39] 
