INFO [2018-05-17 12:16:29] $x
INFO [2018-05-17 12:16:29] list(data %>% filter(artist == "booba") %>% select(word) %>% 
INFO [2018-05-17 12:16:29]     unlist(), data %>% filter(artist == "nekfeu") %>% select(word) %>% 
INFO [2018-05-17 12:16:29]     unlist(), data %>% filter(artist == "georges-brassens") %>% 
INFO [2018-05-17 12:16:29]     select(word) %>% unlist())
INFO [2018-05-17 12:16:29] 
INFO [2018-05-17 12:16:29] $category.names
INFO [2018-05-17 12:16:29] c("Booba", "Nekfeu", "Brassens")
INFO [2018-05-17 12:16:29] 
INFO [2018-05-17 12:16:29] $filename
INFO [2018-05-17 12:16:29] [1] "venn.png"
INFO [2018-05-17 12:16:29] 
INFO [2018-05-17 12:16:29] $output
INFO [2018-05-17 12:16:29] [1] TRUE
INFO [2018-05-17 12:16:29] 
INFO [2018-05-17 12:16:29] $imagetype
INFO [2018-05-17 12:16:29] [1] "png"
INFO [2018-05-17 12:16:29] 
INFO [2018-05-17 12:16:29] $height
INFO [2018-05-17 12:16:29] [1] 480
INFO [2018-05-17 12:16:29] 
INFO [2018-05-17 12:16:29] $width
INFO [2018-05-17 12:16:29] [1] 480
INFO [2018-05-17 12:16:29] 
INFO [2018-05-17 12:16:29] $resolution
INFO [2018-05-17 12:16:29] [1] 300
INFO [2018-05-17 12:16:29] 
INFO [2018-05-17 12:16:29] $compression
INFO [2018-05-17 12:16:29] [1] "lzw"
INFO [2018-05-17 12:16:29] 
INFO [2018-05-17 12:16:29] $lwd
INFO [2018-05-17 12:16:29] [1] 1
INFO [2018-05-17 12:16:29] 
INFO [2018-05-17 12:16:29] $col
INFO [2018-05-17 12:16:29] c("#69b3a2", "purple", "green")
INFO [2018-05-17 12:16:29] 
INFO [2018-05-17 12:16:29] $fill
INFO [2018-05-17 12:16:29] c(alpha("#69b3a2", 0.3), "#423c81ff", "#a8db34ff")
INFO [2018-05-17 12:16:29] 
INFO [2018-05-17 12:16:29] $cex
INFO [2018-05-17 12:16:29] [1] 0.5
INFO [2018-05-17 12:16:29] 
INFO [2018-05-17 12:16:29] $fontfamily
INFO [2018-05-17 12:16:29] [1] "sans"
INFO [2018-05-17 12:16:29] 
INFO [2018-05-17 12:16:29] $cat.cex
INFO [2018-05-17 12:16:29] [1] 0.6
INFO [2018-05-17 12:16:29] 
INFO [2018-05-17 12:16:29] $cat.default.pos
INFO [2018-05-17 12:16:29] [1] "outer"
INFO [2018-05-17 12:16:29] 
INFO [2018-05-17 12:16:29] $cat.pos
INFO [2018-05-17 12:16:29] c(-27, 27, 135)
INFO [2018-05-17 12:16:29] 
INFO [2018-05-17 12:16:29] $cat.dist
INFO [2018-05-17 12:16:29] c(0.055, 0.055, 0.085)
INFO [2018-05-17 12:16:29] 
INFO [2018-05-17 12:16:29] $cat.fontfamily
INFO [2018-05-17 12:16:29] [1] "sans"
INFO [2018-05-17 12:16:29] 
INFO [2018-05-17 12:16:29] $rotation
INFO [2018-05-17 12:16:29] [1] 1
INFO [2018-05-17 12:16:29] 
