INFO [2024-06-14 11:17:27] $x
INFO [2024-06-14 11:17:27] list(data %>% filter(artist == "booba") %>% select(word) %>% 
INFO [2024-06-14 11:17:27]     unlist(), data %>% filter(artist == "nekfeu") %>% select(word) %>% 
INFO [2024-06-14 11:17:27]     unlist(), data %>% filter(artist == "georges-brassens") %>% 
INFO [2024-06-14 11:17:27]     select(word) %>% unlist())
INFO [2024-06-14 11:17:27] 
INFO [2024-06-14 11:17:27] $category.names
INFO [2024-06-14 11:17:27] c("Booba", "Nekfeu", "Brassens")
INFO [2024-06-14 11:17:27] 
INFO [2024-06-14 11:17:27] $filename
INFO [2024-06-14 11:17:27] [1] "venn.png"
INFO [2024-06-14 11:17:27] 
INFO [2024-06-14 11:17:27] $output
INFO [2024-06-14 11:17:27] [1] TRUE
INFO [2024-06-14 11:17:27] 
INFO [2024-06-14 11:17:27] $imagetype
INFO [2024-06-14 11:17:27] [1] "png"
INFO [2024-06-14 11:17:27] 
INFO [2024-06-14 11:17:27] $height
INFO [2024-06-14 11:17:27] [1] 480
INFO [2024-06-14 11:17:27] 
INFO [2024-06-14 11:17:27] $width
INFO [2024-06-14 11:17:27] [1] 480
INFO [2024-06-14 11:17:27] 
INFO [2024-06-14 11:17:27] $resolution
INFO [2024-06-14 11:17:27] [1] 300
INFO [2024-06-14 11:17:27] 
INFO [2024-06-14 11:17:27] $compression
INFO [2024-06-14 11:17:27] [1] "lzw"
INFO [2024-06-14 11:17:27] 
INFO [2024-06-14 11:17:27] $lwd
INFO [2024-06-14 11:17:27] [1] 1
INFO [2024-06-14 11:17:27] 
INFO [2024-06-14 11:17:27] $col
INFO [2024-06-14 11:17:27] c("#440154ff", "#21908dff", "#fde725ff")
INFO [2024-06-14 11:17:27] 
INFO [2024-06-14 11:17:27] $fill
INFO [2024-06-14 11:17:27] c(alpha("#440154ff", 0.3), alpha("#21908dff", 0.3), alpha("#fde725ff", 
INFO [2024-06-14 11:17:27]     0.3))
INFO [2024-06-14 11:17:27] 
INFO [2024-06-14 11:17:27] $cex
INFO [2024-06-14 11:17:27] [1] 0.5
INFO [2024-06-14 11:17:27] 
INFO [2024-06-14 11:17:27] $fontfamily
INFO [2024-06-14 11:17:27] [1] "sans"
INFO [2024-06-14 11:17:27] 
INFO [2024-06-14 11:17:27] $cat.cex
INFO [2024-06-14 11:17:27] [1] 0.6
INFO [2024-06-14 11:17:27] 
INFO [2024-06-14 11:17:27] $cat.default.pos
INFO [2024-06-14 11:17:27] [1] "outer"
INFO [2024-06-14 11:17:27] 
INFO [2024-06-14 11:17:27] $cat.pos
INFO [2024-06-14 11:17:27] c(-27, 27, 135)
INFO [2024-06-14 11:17:27] 
INFO [2024-06-14 11:17:27] $cat.dist
INFO [2024-06-14 11:17:27] c(0.055, 0.055, 0.085)
INFO [2024-06-14 11:17:27] 
INFO [2024-06-14 11:17:27] $cat.fontfamily
INFO [2024-06-14 11:17:27] [1] "sans"
INFO [2024-06-14 11:17:27] 
INFO [2024-06-14 11:17:27] $cat.col
INFO [2024-06-14 11:17:27] c("#440154ff", "#21908dff", "#fde725ff")
INFO [2024-06-14 11:17:27] 
INFO [2024-06-14 11:17:27] $rotation
INFO [2024-06-14 11:17:27] [1] 1
INFO [2024-06-14 11:17:27] 
