INFO [2018-05-17 12:14:31] $x
INFO [2018-05-17 12:14:31] list(data %>% filter(artist == "booba") %>% select(word) %>% 
INFO [2018-05-17 12:14:31]     unlist(), data %>% filter(artist == "nekfeu") %>% select(word) %>% 
INFO [2018-05-17 12:14:31]     unlist(), data %>% filter(artist == "georges-brassens") %>% 
INFO [2018-05-17 12:14:31]     select(word) %>% unlist())
INFO [2018-05-17 12:14:31] 
INFO [2018-05-17 12:14:31] $category.names
INFO [2018-05-17 12:14:31] c("Booba", "Nekfeu", "Brassens")
INFO [2018-05-17 12:14:31] 
INFO [2018-05-17 12:14:31] $filename
INFO [2018-05-17 12:14:31] [1] "venn.png"
INFO [2018-05-17 12:14:31] 
INFO [2018-05-17 12:14:31] $output
INFO [2018-05-17 12:14:31] [1] TRUE
INFO [2018-05-17 12:14:31] 
INFO [2018-05-17 12:14:31] $imagetype
INFO [2018-05-17 12:14:31] [1] "png"
INFO [2018-05-17 12:14:31] 
INFO [2018-05-17 12:14:31] $height
INFO [2018-05-17 12:14:31] [1] 480
INFO [2018-05-17 12:14:31] 
INFO [2018-05-17 12:14:31] $width
INFO [2018-05-17 12:14:31] [1] 480
INFO [2018-05-17 12:14:31] 
INFO [2018-05-17 12:14:31] $resolution
INFO [2018-05-17 12:14:31] [1] 300
INFO [2018-05-17 12:14:31] 
INFO [2018-05-17 12:14:31] $compression
INFO [2018-05-17 12:14:31] [1] "lzw"
INFO [2018-05-17 12:14:31] 
INFO [2018-05-17 12:14:31] $lwd
INFO [2018-05-17 12:14:31] [1] 1
INFO [2018-05-17 12:14:31] 
INFO [2018-05-17 12:14:31] $lty
INFO [2018-05-17 12:14:31] [1] "blank"
INFO [2018-05-17 12:14:31] 
INFO [2018-05-17 12:14:31] $fill
INFO [2018-05-17 12:14:31] c(alpha("#69b3a2", 0.3), "purple", "green")
INFO [2018-05-17 12:14:31] 
INFO [2018-05-17 12:14:31] $cex
INFO [2018-05-17 12:14:31] [1] 0.5
INFO [2018-05-17 12:14:31] 
INFO [2018-05-17 12:14:31] $fontfamily
INFO [2018-05-17 12:14:31] [1] "sans"
INFO [2018-05-17 12:14:31] 
INFO [2018-05-17 12:14:31] $cat.cex
INFO [2018-05-17 12:14:31] [1] 0.6
INFO [2018-05-17 12:14:31] 
INFO [2018-05-17 12:14:31] $cat.default.pos
INFO [2018-05-17 12:14:31] [1] "outer"
INFO [2018-05-17 12:14:31] 
INFO [2018-05-17 12:14:31] $cat.pos
INFO [2018-05-17 12:14:31] c(-27, 27, 135)
INFO [2018-05-17 12:14:31] 
INFO [2018-05-17 12:14:31] $cat.dist
INFO [2018-05-17 12:14:31] c(0.055, 0.055, 0.085)
INFO [2018-05-17 12:14:31] 
INFO [2018-05-17 12:14:31] $cat.fontfamily
INFO [2018-05-17 12:14:31] [1] "sans"
INFO [2018-05-17 12:14:31] 
INFO [2018-05-17 12:14:31] $rotation
INFO [2018-05-17 12:14:31] [1] 1
INFO [2018-05-17 12:14:31] 
