INFO [2018-05-17 12:10:14] $x
INFO [2018-05-17 12:10:14] list(data %>% filter(artist == "booba") %>% select(word) %>% 
INFO [2018-05-17 12:10:14]     unlist(), data %>% filter(artist == "nekfeu") %>% select(word) %>% 
INFO [2018-05-17 12:10:14]     unlist(), data %>% filter(artist == "georges-brassens") %>% 
INFO [2018-05-17 12:10:14]     select(word) %>% unlist())
INFO [2018-05-17 12:10:14] 
INFO [2018-05-17 12:10:14] $category.names
INFO [2018-05-17 12:10:14] c("Booba", "Nekfeu", "Brassens")
INFO [2018-05-17 12:10:14] 
INFO [2018-05-17 12:10:14] $filename
INFO [2018-05-17 12:10:14] [1] "venn.png"
INFO [2018-05-17 12:10:14] 
INFO [2018-05-17 12:10:14] $output
INFO [2018-05-17 12:10:14] [1] TRUE
INFO [2018-05-17 12:10:14] 
INFO [2018-05-17 12:10:14] $imagetype
INFO [2018-05-17 12:10:14] [1] "png"
INFO [2018-05-17 12:10:14] 
INFO [2018-05-17 12:10:14] $height
INFO [2018-05-17 12:10:14] [1] 480
INFO [2018-05-17 12:10:14] 
INFO [2018-05-17 12:10:14] $width
INFO [2018-05-17 12:10:14] [1] 480
INFO [2018-05-17 12:10:14] 
INFO [2018-05-17 12:10:14] $resolution
INFO [2018-05-17 12:10:14] [1] 300
INFO [2018-05-17 12:10:14] 
INFO [2018-05-17 12:10:14] $compression
INFO [2018-05-17 12:10:14] [1] "lzw"
INFO [2018-05-17 12:10:14] 
INFO [2018-05-17 12:10:14] $lwd
INFO [2018-05-17 12:10:14] [1] 2
INFO [2018-05-17 12:10:14] 
INFO [2018-05-17 12:10:14] $lty
INFO [2018-05-17 12:10:14] [1] "blank"
INFO [2018-05-17 12:10:14] 
INFO [2018-05-17 12:10:14] $fill
INFO [2018-05-17 12:10:14] c("yellow", "purple", "green")
INFO [2018-05-17 12:10:14] 
INFO [2018-05-17 12:10:14] $cex
INFO [2018-05-17 12:10:14] [1] 1
INFO [2018-05-17 12:10:14] 
INFO [2018-05-17 12:10:14] $fontfamily
INFO [2018-05-17 12:10:14] [1] "sans"
INFO [2018-05-17 12:10:14] 
INFO [2018-05-17 12:10:14] $cat.cex
INFO [2018-05-17 12:10:14] [1] 0.3
INFO [2018-05-17 12:10:14] 
INFO [2018-05-17 12:10:14] $cat.default.pos
INFO [2018-05-17 12:10:14] [1] "outer"
INFO [2018-05-17 12:10:14] 
INFO [2018-05-17 12:10:14] $cat.pos
INFO [2018-05-17 12:10:14] c(-27, 27, 135)
INFO [2018-05-17 12:10:14] 
INFO [2018-05-17 12:10:14] $cat.dist
INFO [2018-05-17 12:10:14] c(0.055, 0.055, 0.085)
INFO [2018-05-17 12:10:14] 
INFO [2018-05-17 12:10:14] $cat.fontfamily
INFO [2018-05-17 12:10:14] [1] "sans"
INFO [2018-05-17 12:10:14] 
INFO [2018-05-17 12:10:14] $rotation
INFO [2018-05-17 12:10:14] [1] 1
INFO [2018-05-17 12:10:14] 
