INFO [2018-05-17 13:46:36] $x
INFO [2018-05-17 13:46:36] list(data %>% filter(artist == "booba") %>% select(word) %>% 
INFO [2018-05-17 13:46:36]     unlist(), data %>% filter(artist == "nekfeu") %>% select(word) %>% 
INFO [2018-05-17 13:46:36]     unlist(), data %>% filter(artist == "georges-brassens") %>% 
INFO [2018-05-17 13:46:36]     select(word) %>% unlist())
INFO [2018-05-17 13:46:36] 
INFO [2018-05-17 13:46:36] $category.names
INFO [2018-05-17 13:46:36] c("Booba", "Nekfeu", "Brassens")
INFO [2018-05-17 13:46:36] 
INFO [2018-05-17 13:46:36] $filename
INFO [2018-05-17 13:46:36] [1] "venn.png"
INFO [2018-05-17 13:46:36] 
INFO [2018-05-17 13:46:36] $output
INFO [2018-05-17 13:46:36] [1] TRUE
INFO [2018-05-17 13:46:36] 
INFO [2018-05-17 13:46:36] $imagetype
INFO [2018-05-17 13:46:36] [1] "png"
INFO [2018-05-17 13:46:36] 
INFO [2018-05-17 13:46:36] $height
INFO [2018-05-17 13:46:36] [1] 480
INFO [2018-05-17 13:46:36] 
INFO [2018-05-17 13:46:36] $width
INFO [2018-05-17 13:46:36] [1] 480
INFO [2018-05-17 13:46:36] 
INFO [2018-05-17 13:46:36] $resolution
INFO [2018-05-17 13:46:36] [1] 300
INFO [2018-05-17 13:46:36] 
INFO [2018-05-17 13:46:36] $compression
INFO [2018-05-17 13:46:36] [1] "lzw"
INFO [2018-05-17 13:46:36] 
INFO [2018-05-17 13:46:36] $lwd
INFO [2018-05-17 13:46:36] [1] 1
INFO [2018-05-17 13:46:36] 
INFO [2018-05-17 13:46:36] $col
INFO [2018-05-17 13:46:36] c("#440154ff", "#21908dff", "#fde725ff")
INFO [2018-05-17 13:46:36] 
INFO [2018-05-17 13:46:36] $fill
INFO [2018-05-17 13:46:36] c(alpha("#440154ff", 0.3), alpha("#21908dff", 0.3), alpha("#fde725ff", 
INFO [2018-05-17 13:46:36]     0.3))
INFO [2018-05-17 13:46:36] 
INFO [2018-05-17 13:46:36] $cex
INFO [2018-05-17 13:46:36] [1] 0.5
INFO [2018-05-17 13:46:36] 
INFO [2018-05-17 13:46:36] $fontfamily
INFO [2018-05-17 13:46:36] [1] "sans"
INFO [2018-05-17 13:46:36] 
INFO [2018-05-17 13:46:36] $cat.cex
INFO [2018-05-17 13:46:36] [1] 0.6
INFO [2018-05-17 13:46:36] 
INFO [2018-05-17 13:46:36] $cat.default.pos
INFO [2018-05-17 13:46:36] [1] "outer"
INFO [2018-05-17 13:46:36] 
INFO [2018-05-17 13:46:36] $cat.pos
INFO [2018-05-17 13:46:36] c(-27, 27, 135)
INFO [2018-05-17 13:46:36] 
INFO [2018-05-17 13:46:36] $cat.dist
INFO [2018-05-17 13:46:36] c(0.055, 0.055, 0.085)
INFO [2018-05-17 13:46:36] 
INFO [2018-05-17 13:46:36] $cat.fontfamily
INFO [2018-05-17 13:46:36] [1] "sans"
INFO [2018-05-17 13:46:36] 
INFO [2018-05-17 13:46:36] $cat.col
INFO [2018-05-17 13:46:36] c("#440154ff", "#21908dff", "#fde725ff")
INFO [2018-05-17 13:46:36] 
INFO [2018-05-17 13:46:36] $rotation
INFO [2018-05-17 13:46:36] [1] 1
INFO [2018-05-17 13:46:36] 
