INFO [2018-05-17 12:15:12] $x
INFO [2018-05-17 12:15:12] list(data %>% filter(artist == "booba") %>% select(word) %>% 
INFO [2018-05-17 12:15:12]     unlist(), data %>% filter(artist == "nekfeu") %>% select(word) %>% 
INFO [2018-05-17 12:15:12]     unlist(), data %>% filter(artist == "georges-brassens") %>% 
INFO [2018-05-17 12:15:12]     select(word) %>% unlist())
INFO [2018-05-17 12:15:12] 
INFO [2018-05-17 12:15:12] $category.names
INFO [2018-05-17 12:15:12] c("Booba", "Nekfeu", "Brassens")
INFO [2018-05-17 12:15:12] 
INFO [2018-05-17 12:15:12] $filename
INFO [2018-05-17 12:15:12] [1] "venn.png"
INFO [2018-05-17 12:15:12] 
INFO [2018-05-17 12:15:12] $output
INFO [2018-05-17 12:15:12] [1] TRUE
INFO [2018-05-17 12:15:12] 
INFO [2018-05-17 12:15:12] $imagetype
INFO [2018-05-17 12:15:12] [1] "png"
INFO [2018-05-17 12:15:12] 
INFO [2018-05-17 12:15:12] $height
INFO [2018-05-17 12:15:12] [1] 480
INFO [2018-05-17 12:15:12] 
INFO [2018-05-17 12:15:12] $width
INFO [2018-05-17 12:15:12] [1] 480
INFO [2018-05-17 12:15:12] 
INFO [2018-05-17 12:15:12] $resolution
INFO [2018-05-17 12:15:12] [1] 300
INFO [2018-05-17 12:15:12] 
INFO [2018-05-17 12:15:12] $compression
INFO [2018-05-17 12:15:12] [1] "lzw"
INFO [2018-05-17 12:15:12] 
INFO [2018-05-17 12:15:12] $lwd
INFO [2018-05-17 12:15:12] [1] 1
INFO [2018-05-17 12:15:12] 
INFO [2018-05-17 12:15:12] $col
INFO [2018-05-17 12:15:12] [1] "black"
INFO [2018-05-17 12:15:12] 
INFO [2018-05-17 12:15:12] $fill
INFO [2018-05-17 12:15:12] c(alpha("#69b3a2", 0.3), "purple", "green")
INFO [2018-05-17 12:15:12] 
INFO [2018-05-17 12:15:12] $cex
INFO [2018-05-17 12:15:12] [1] 0.5
INFO [2018-05-17 12:15:12] 
INFO [2018-05-17 12:15:12] $fontfamily
INFO [2018-05-17 12:15:12] [1] "sans"
INFO [2018-05-17 12:15:12] 
INFO [2018-05-17 12:15:12] $cat.cex
INFO [2018-05-17 12:15:12] [1] 0.6
INFO [2018-05-17 12:15:12] 
INFO [2018-05-17 12:15:12] $cat.default.pos
INFO [2018-05-17 12:15:12] [1] "outer"
INFO [2018-05-17 12:15:12] 
INFO [2018-05-17 12:15:12] $cat.pos
INFO [2018-05-17 12:15:12] c(-27, 27, 135)
INFO [2018-05-17 12:15:12] 
INFO [2018-05-17 12:15:12] $cat.dist
INFO [2018-05-17 12:15:12] c(0.055, 0.055, 0.085)
INFO [2018-05-17 12:15:12] 
INFO [2018-05-17 12:15:12] $cat.fontfamily
INFO [2018-05-17 12:15:12] [1] "sans"
INFO [2018-05-17 12:15:12] 
INFO [2018-05-17 12:15:12] $rotation
INFO [2018-05-17 12:15:12] [1] 1
INFO [2018-05-17 12:15:12] 
