INFO [2018-05-17 12:14:09] $x
INFO [2018-05-17 12:14:09] list(data %>% filter(artist == "booba") %>% select(word) %>% 
INFO [2018-05-17 12:14:09]     unlist(), data %>% filter(artist == "nekfeu") %>% select(word) %>% 
INFO [2018-05-17 12:14:09]     unlist(), data %>% filter(artist == "georges-brassens") %>% 
INFO [2018-05-17 12:14:09]     select(word) %>% unlist())
INFO [2018-05-17 12:14:09] 
INFO [2018-05-17 12:14:09] $category.names
INFO [2018-05-17 12:14:09] c("Booba", "Nekfeu", "Brassens")
INFO [2018-05-17 12:14:09] 
INFO [2018-05-17 12:14:09] $filename
INFO [2018-05-17 12:14:09] [1] "venn.png"
INFO [2018-05-17 12:14:09] 
INFO [2018-05-17 12:14:09] $output
INFO [2018-05-17 12:14:09] [1] TRUE
INFO [2018-05-17 12:14:09] 
INFO [2018-05-17 12:14:09] $imagetype
INFO [2018-05-17 12:14:09] [1] "png"
INFO [2018-05-17 12:14:09] 
INFO [2018-05-17 12:14:09] $height
INFO [2018-05-17 12:14:09] [1] 480
INFO [2018-05-17 12:14:09] 
INFO [2018-05-17 12:14:09] $width
INFO [2018-05-17 12:14:09] [1] 480
INFO [2018-05-17 12:14:09] 
INFO [2018-05-17 12:14:09] $resolution
INFO [2018-05-17 12:14:09] [1] 300
INFO [2018-05-17 12:14:09] 
INFO [2018-05-17 12:14:09] $compression
INFO [2018-05-17 12:14:09] [1] "lzw"
INFO [2018-05-17 12:14:09] 
INFO [2018-05-17 12:14:09] $lwd
INFO [2018-05-17 12:14:09] [1] 1
INFO [2018-05-17 12:14:09] 
INFO [2018-05-17 12:14:09] $lty
INFO [2018-05-17 12:14:09] [1] "blank"
INFO [2018-05-17 12:14:09] 
INFO [2018-05-17 12:14:09] $fill
INFO [2018-05-17 12:14:09] c("#69b3a2", "purple", "green")
INFO [2018-05-17 12:14:09] 
INFO [2018-05-17 12:14:09] $cex
INFO [2018-05-17 12:14:09] [1] 0.5
INFO [2018-05-17 12:14:09] 
INFO [2018-05-17 12:14:09] $fontfamily
INFO [2018-05-17 12:14:09] [1] "sans"
INFO [2018-05-17 12:14:09] 
INFO [2018-05-17 12:14:09] $cat.cex
INFO [2018-05-17 12:14:09] [1] 0.6
INFO [2018-05-17 12:14:09] 
INFO [2018-05-17 12:14:09] $cat.default.pos
INFO [2018-05-17 12:14:09] [1] "outer"
INFO [2018-05-17 12:14:09] 
INFO [2018-05-17 12:14:09] $cat.pos
INFO [2018-05-17 12:14:09] c(-27, 27, 135)
INFO [2018-05-17 12:14:09] 
INFO [2018-05-17 12:14:09] $cat.dist
INFO [2018-05-17 12:14:09] c(0.055, 0.055, 0.085)
INFO [2018-05-17 12:14:09] 
INFO [2018-05-17 12:14:09] $cat.fontfamily
INFO [2018-05-17 12:14:09] [1] "sans"
INFO [2018-05-17 12:14:09] 
INFO [2018-05-17 12:14:09] $rotation
INFO [2018-05-17 12:14:09] [1] 1
INFO [2018-05-17 12:14:09] 
