INFO [2018-07-04 17:55:01] $x
INFO [2018-07-04 17:55:01] list(data %>% filter(artist == "booba") %>% select(word) %>% 
INFO [2018-07-04 17:55:01]     unlist(), data %>% filter(artist == "nekfeu") %>% select(word) %>% 
INFO [2018-07-04 17:55:01]     unlist(), data %>% filter(artist == "georges-brassens") %>% 
INFO [2018-07-04 17:55:01]     select(word) %>% unlist())
INFO [2018-07-04 17:55:01] 
INFO [2018-07-04 17:55:01] $category.names
INFO [2018-07-04 17:55:01] c("Booba", "Nekfeu", "Brassens")
INFO [2018-07-04 17:55:01] 
INFO [2018-07-04 17:55:01] $filename
INFO [2018-07-04 17:55:01] [1] "venn.png"
INFO [2018-07-04 17:55:01] 
INFO [2018-07-04 17:55:01] $output
INFO [2018-07-04 17:55:01] [1] TRUE
INFO [2018-07-04 17:55:01] 
INFO [2018-07-04 17:55:01] $imagetype
INFO [2018-07-04 17:55:01] [1] "png"
INFO [2018-07-04 17:55:01] 
INFO [2018-07-04 17:55:01] $height
INFO [2018-07-04 17:55:01] [1] 480
INFO [2018-07-04 17:55:01] 
INFO [2018-07-04 17:55:01] $width
INFO [2018-07-04 17:55:01] [1] 480
INFO [2018-07-04 17:55:01] 
INFO [2018-07-04 17:55:01] $resolution
INFO [2018-07-04 17:55:01] [1] 300
INFO [2018-07-04 17:55:01] 
INFO [2018-07-04 17:55:01] $compression
INFO [2018-07-04 17:55:01] [1] "lzw"
INFO [2018-07-04 17:55:01] 
INFO [2018-07-04 17:55:01] $lwd
INFO [2018-07-04 17:55:01] [1] 1
INFO [2018-07-04 17:55:01] 
INFO [2018-07-04 17:55:01] $col
INFO [2018-07-04 17:55:01] c("#440154ff", "#21908dff", "#fde725ff")
INFO [2018-07-04 17:55:01] 
INFO [2018-07-04 17:55:01] $fill
INFO [2018-07-04 17:55:01] c(alpha("#440154ff", 0.3), alpha("#21908dff", 0.3), alpha("#fde725ff", 
INFO [2018-07-04 17:55:01]     0.3))
INFO [2018-07-04 17:55:01] 
INFO [2018-07-04 17:55:01] $cex
INFO [2018-07-04 17:55:01] [1] 0.5
INFO [2018-07-04 17:55:01] 
INFO [2018-07-04 17:55:01] $fontfamily
INFO [2018-07-04 17:55:01] [1] "sans"
INFO [2018-07-04 17:55:01] 
INFO [2018-07-04 17:55:01] $cat.cex
INFO [2018-07-04 17:55:01] [1] 0.6
INFO [2018-07-04 17:55:01] 
INFO [2018-07-04 17:55:01] $cat.default.pos
INFO [2018-07-04 17:55:01] [1] "outer"
INFO [2018-07-04 17:55:01] 
INFO [2018-07-04 17:55:01] $cat.pos
INFO [2018-07-04 17:55:01] c(-27, 27, 135)
INFO [2018-07-04 17:55:01] 
INFO [2018-07-04 17:55:01] $cat.dist
INFO [2018-07-04 17:55:01] c(0.055, 0.055, 0.085)
INFO [2018-07-04 17:55:01] 
INFO [2018-07-04 17:55:01] $cat.fontfamily
INFO [2018-07-04 17:55:01] [1] "sans"
INFO [2018-07-04 17:55:01] 
INFO [2018-07-04 17:55:01] $cat.col
INFO [2018-07-04 17:55:01] c("#440154ff", "#21908dff", "#fde725ff")
INFO [2018-07-04 17:55:01] 
INFO [2018-07-04 17:55:01] $rotation
INFO [2018-07-04 17:55:01] [1] 1
INFO [2018-07-04 17:55:01] 
