INFO [2018-07-04 16:42:48] $x
INFO [2018-07-04 16:42:48] list(data %>% filter(artist == "booba") %>% select(word) %>% 
INFO [2018-07-04 16:42:48]     unlist(), data %>% filter(artist == "nekfeu") %>% select(word) %>% 
INFO [2018-07-04 16:42:48]     unlist(), data %>% filter(artist == "georges-brassens") %>% 
INFO [2018-07-04 16:42:48]     select(word) %>% unlist())
INFO [2018-07-04 16:42:48] 
INFO [2018-07-04 16:42:48] $category.names
INFO [2018-07-04 16:42:48] c("Booba", "Nekfeu", "Brassens")
INFO [2018-07-04 16:42:48] 
INFO [2018-07-04 16:42:48] $filename
INFO [2018-07-04 16:42:48] [1] "venn.png"
INFO [2018-07-04 16:42:48] 
INFO [2018-07-04 16:42:48] $output
INFO [2018-07-04 16:42:48] [1] TRUE
INFO [2018-07-04 16:42:48] 
INFO [2018-07-04 16:42:48] $imagetype
INFO [2018-07-04 16:42:48] [1] "png"
INFO [2018-07-04 16:42:48] 
INFO [2018-07-04 16:42:48] $height
INFO [2018-07-04 16:42:48] [1] 480
INFO [2018-07-04 16:42:48] 
INFO [2018-07-04 16:42:48] $width
INFO [2018-07-04 16:42:48] [1] 480
INFO [2018-07-04 16:42:48] 
INFO [2018-07-04 16:42:48] $resolution
INFO [2018-07-04 16:42:48] [1] 300
INFO [2018-07-04 16:42:48] 
INFO [2018-07-04 16:42:48] $compression
INFO [2018-07-04 16:42:48] [1] "lzw"
INFO [2018-07-04 16:42:48] 
INFO [2018-07-04 16:42:48] $lwd
INFO [2018-07-04 16:42:48] [1] 1
INFO [2018-07-04 16:42:48] 
INFO [2018-07-04 16:42:48] $col
INFO [2018-07-04 16:42:48] c("#440154ff", "#21908dff", "#fde725ff")
INFO [2018-07-04 16:42:48] 
INFO [2018-07-04 16:42:48] $fill
INFO [2018-07-04 16:42:48] c(alpha("#440154ff", 0.3), alpha("#21908dff", 0.3), alpha("#fde725ff", 
INFO [2018-07-04 16:42:48]     0.3))
INFO [2018-07-04 16:42:48] 
INFO [2018-07-04 16:42:48] $cex
INFO [2018-07-04 16:42:48] [1] 0.5
INFO [2018-07-04 16:42:48] 
INFO [2018-07-04 16:42:48] $fontfamily
INFO [2018-07-04 16:42:48] [1] "sans"
INFO [2018-07-04 16:42:48] 
INFO [2018-07-04 16:42:48] $cat.cex
INFO [2018-07-04 16:42:48] [1] 0.6
INFO [2018-07-04 16:42:48] 
INFO [2018-07-04 16:42:48] $cat.default.pos
INFO [2018-07-04 16:42:48] [1] "outer"
INFO [2018-07-04 16:42:48] 
INFO [2018-07-04 16:42:48] $cat.pos
INFO [2018-07-04 16:42:48] c(-27, 27, 135)
INFO [2018-07-04 16:42:48] 
INFO [2018-07-04 16:42:48] $cat.dist
INFO [2018-07-04 16:42:48] c(0.055, 0.055, 0.085)
INFO [2018-07-04 16:42:48] 
INFO [2018-07-04 16:42:48] $cat.fontfamily
INFO [2018-07-04 16:42:48] [1] "sans"
INFO [2018-07-04 16:42:48] 
INFO [2018-07-04 16:42:48] $cat.col
INFO [2018-07-04 16:42:48] c("#440154ff", "#21908dff", "#fde725ff")
INFO [2018-07-04 16:42:48] 
INFO [2018-07-04 16:42:48] $rotation
INFO [2018-07-04 16:42:48] [1] 1
INFO [2018-07-04 16:42:48] 
