INFO [2018-05-17 12:11:22] $x
INFO [2018-05-17 12:11:22] list(data %>% filter(artist == "booba") %>% select(word) %>% 
INFO [2018-05-17 12:11:22]     unlist(), data %>% filter(artist == "nekfeu") %>% select(word) %>% 
INFO [2018-05-17 12:11:22]     unlist(), data %>% filter(artist == "georges-brassens") %>% 
INFO [2018-05-17 12:11:22]     select(word) %>% unlist())
INFO [2018-05-17 12:11:22] 
INFO [2018-05-17 12:11:22] $category.names
INFO [2018-05-17 12:11:22] c("Booba", "Nekfeu", "Brassens")
INFO [2018-05-17 12:11:22] 
INFO [2018-05-17 12:11:22] $filename
INFO [2018-05-17 12:11:22] [1] "venn.png"
INFO [2018-05-17 12:11:22] 
INFO [2018-05-17 12:11:22] $output
INFO [2018-05-17 12:11:22] [1] TRUE
INFO [2018-05-17 12:11:22] 
INFO [2018-05-17 12:11:22] $imagetype
INFO [2018-05-17 12:11:22] [1] "png"
INFO [2018-05-17 12:11:22] 
INFO [2018-05-17 12:11:22] $height
INFO [2018-05-17 12:11:22] [1] 480
INFO [2018-05-17 12:11:22] 
INFO [2018-05-17 12:11:22] $width
INFO [2018-05-17 12:11:22] [1] 480
INFO [2018-05-17 12:11:22] 
INFO [2018-05-17 12:11:22] $resolution
INFO [2018-05-17 12:11:22] [1] 300
INFO [2018-05-17 12:11:22] 
INFO [2018-05-17 12:11:22] $compression
INFO [2018-05-17 12:11:22] [1] "lzw"
INFO [2018-05-17 12:11:22] 
INFO [2018-05-17 12:11:22] $lwd
INFO [2018-05-17 12:11:22] [1] 1
INFO [2018-05-17 12:11:22] 
INFO [2018-05-17 12:11:22] $lty
INFO [2018-05-17 12:11:22] [1] "blank"
INFO [2018-05-17 12:11:22] 
INFO [2018-05-17 12:11:22] $fill
INFO [2018-05-17 12:11:22] c("yellow", "purple", "green")
INFO [2018-05-17 12:11:22] 
INFO [2018-05-17 12:11:22] $cex
INFO [2018-05-17 12:11:22] [1] 0.5
INFO [2018-05-17 12:11:22] 
INFO [2018-05-17 12:11:22] $fontfamily
INFO [2018-05-17 12:11:22] [1] "sans"
INFO [2018-05-17 12:11:22] 
INFO [2018-05-17 12:11:22] $cat.cex
INFO [2018-05-17 12:11:22] [1] 0.6
INFO [2018-05-17 12:11:22] 
INFO [2018-05-17 12:11:22] $cat.default.pos
INFO [2018-05-17 12:11:22] [1] "outer"
INFO [2018-05-17 12:11:22] 
INFO [2018-05-17 12:11:22] $cat.pos
INFO [2018-05-17 12:11:22] c(-27, 27, 135)
INFO [2018-05-17 12:11:22] 
INFO [2018-05-17 12:11:22] $cat.dist
INFO [2018-05-17 12:11:22] c(0.055, 0.055, 0.085)
INFO [2018-05-17 12:11:22] 
INFO [2018-05-17 12:11:22] $cat.fontfamily
INFO [2018-05-17 12:11:22] [1] "sans"
INFO [2018-05-17 12:11:22] 
INFO [2018-05-17 12:11:22] $rotation
INFO [2018-05-17 12:11:22] [1] 1
INFO [2018-05-17 12:11:22] 
