INFO [2018-05-17 12:14:25] $x
INFO [2018-05-17 12:14:25] list(data %>% filter(artist == "booba") %>% select(word) %>% 
INFO [2018-05-17 12:14:25]     unlist(), data %>% filter(artist == "nekfeu") %>% select(word) %>% 
INFO [2018-05-17 12:14:25]     unlist(), data %>% filter(artist == "georges-brassens") %>% 
INFO [2018-05-17 12:14:25]     select(word) %>% unlist())
INFO [2018-05-17 12:14:25] 
INFO [2018-05-17 12:14:25] $category.names
INFO [2018-05-17 12:14:25] c("Booba", "Nekfeu", "Brassens")
INFO [2018-05-17 12:14:25] 
INFO [2018-05-17 12:14:25] $filename
INFO [2018-05-17 12:14:25] [1] "venn.png"
INFO [2018-05-17 12:14:25] 
INFO [2018-05-17 12:14:25] $output
INFO [2018-05-17 12:14:25] [1] TRUE
INFO [2018-05-17 12:14:25] 
INFO [2018-05-17 12:14:25] $imagetype
INFO [2018-05-17 12:14:25] [1] "png"
INFO [2018-05-17 12:14:25] 
INFO [2018-05-17 12:14:25] $height
INFO [2018-05-17 12:14:25] [1] 480
INFO [2018-05-17 12:14:25] 
INFO [2018-05-17 12:14:25] $width
INFO [2018-05-17 12:14:25] [1] 480
INFO [2018-05-17 12:14:25] 
INFO [2018-05-17 12:14:25] $resolution
INFO [2018-05-17 12:14:25] [1] 300
INFO [2018-05-17 12:14:25] 
INFO [2018-05-17 12:14:25] $compression
INFO [2018-05-17 12:14:25] [1] "lzw"
INFO [2018-05-17 12:14:25] 
INFO [2018-05-17 12:14:25] $lwd
INFO [2018-05-17 12:14:25] [1] 1
INFO [2018-05-17 12:14:25] 
INFO [2018-05-17 12:14:25] $lty
INFO [2018-05-17 12:14:25] [1] "blank"
INFO [2018-05-17 12:14:25] 
INFO [2018-05-17 12:14:25] $fill
INFO [2018-05-17 12:14:25] c(alpha("#69b3a2", 0.3), "purple", "green")
INFO [2018-05-17 12:14:25] 
INFO [2018-05-17 12:14:25] $cex
INFO [2018-05-17 12:14:25] [1] 0.5
INFO [2018-05-17 12:14:25] 
INFO [2018-05-17 12:14:25] $fontfamily
INFO [2018-05-17 12:14:25] [1] "sans"
INFO [2018-05-17 12:14:25] 
INFO [2018-05-17 12:14:25] $cat.cex
INFO [2018-05-17 12:14:25] [1] 0.6
INFO [2018-05-17 12:14:25] 
INFO [2018-05-17 12:14:25] $cat.default.pos
INFO [2018-05-17 12:14:25] [1] "outer"
INFO [2018-05-17 12:14:25] 
INFO [2018-05-17 12:14:25] $cat.pos
INFO [2018-05-17 12:14:25] c(-27, 27, 135)
INFO [2018-05-17 12:14:25] 
INFO [2018-05-17 12:14:25] $cat.dist
INFO [2018-05-17 12:14:25] c(0.055, 0.055, 0.085)
INFO [2018-05-17 12:14:25] 
INFO [2018-05-17 12:14:25] $cat.fontfamily
INFO [2018-05-17 12:14:25] [1] "sans"
INFO [2018-05-17 12:14:25] 
INFO [2018-05-17 12:14:25] $rotation
INFO [2018-05-17 12:14:25] [1] 1
INFO [2018-05-17 12:14:25] 
