INFO [2018-05-17 12:12:40] $x
INFO [2018-05-17 12:12:40] list(data %>% filter(artist == "booba") %>% select(word) %>% 
INFO [2018-05-17 12:12:40]     unlist(), data %>% filter(artist == "nekfeu") %>% select(word) %>% 
INFO [2018-05-17 12:12:40]     unlist(), data %>% filter(artist == "georges-brassens") %>% 
INFO [2018-05-17 12:12:40]     select(word) %>% unlist())
INFO [2018-05-17 12:12:40] 
INFO [2018-05-17 12:12:40] $category.names
INFO [2018-05-17 12:12:40] c("Booba", "Nekfeu", "Brassens")
INFO [2018-05-17 12:12:40] 
INFO [2018-05-17 12:12:40] $filename
INFO [2018-05-17 12:12:40] [1] "venn.png"
INFO [2018-05-17 12:12:40] 
INFO [2018-05-17 12:12:40] $output
INFO [2018-05-17 12:12:40] [1] TRUE
INFO [2018-05-17 12:12:40] 
INFO [2018-05-17 12:12:40] $imagetype
INFO [2018-05-17 12:12:40] [1] "png"
INFO [2018-05-17 12:12:40] 
INFO [2018-05-17 12:12:40] $height
INFO [2018-05-17 12:12:40] [1] 480
INFO [2018-05-17 12:12:40] 
INFO [2018-05-17 12:12:40] $width
INFO [2018-05-17 12:12:40] [1] 480
INFO [2018-05-17 12:12:40] 
INFO [2018-05-17 12:12:40] $resolution
INFO [2018-05-17 12:12:40] [1] 300
INFO [2018-05-17 12:12:40] 
INFO [2018-05-17 12:12:40] $compression
INFO [2018-05-17 12:12:40] [1] "lzw"
INFO [2018-05-17 12:12:40] 
INFO [2018-05-17 12:12:40] $lwd
INFO [2018-05-17 12:12:40] [1] 1
INFO [2018-05-17 12:12:40] 
INFO [2018-05-17 12:12:40] $lty
INFO [2018-05-17 12:12:40] [1] "blank"
INFO [2018-05-17 12:12:40] 
INFO [2018-05-17 12:12:40] $fill
INFO [2018-05-17 12:12:40] c("yellow", "purple", "green")
INFO [2018-05-17 12:12:40] 
INFO [2018-05-17 12:12:40] $cex
INFO [2018-05-17 12:12:40] [1] 0.5
INFO [2018-05-17 12:12:40] 
INFO [2018-05-17 12:12:40] $fontfamily
INFO [2018-05-17 12:12:40] [1] "sans"
INFO [2018-05-17 12:12:40] 
INFO [2018-05-17 12:12:40] $cat.cex
INFO [2018-05-17 12:12:40] [1] 0.6
INFO [2018-05-17 12:12:40] 
INFO [2018-05-17 12:12:40] $cat.default.pos
INFO [2018-05-17 12:12:40] [1] "outer"
INFO [2018-05-17 12:12:40] 
INFO [2018-05-17 12:12:40] $cat.pos
INFO [2018-05-17 12:12:40] c(-27, 27, 135)
INFO [2018-05-17 12:12:40] 
INFO [2018-05-17 12:12:40] $cat.dist
INFO [2018-05-17 12:12:40] c(0.055, 0.055, 0.085)
INFO [2018-05-17 12:12:40] 
INFO [2018-05-17 12:12:40] $cat.fontfamily
INFO [2018-05-17 12:12:40] [1] "sans"
INFO [2018-05-17 12:12:40] 
INFO [2018-05-17 12:12:40] $rotation
INFO [2018-05-17 12:12:40] [1] 1
INFO [2018-05-17 12:12:40] 
