INFO [2018-05-17 13:47:16] $x
INFO [2018-05-17 13:47:16] list(data %>% filter(artist == "booba") %>% select(word) %>% 
INFO [2018-05-17 13:47:16]     unlist(), data %>% filter(artist == "nekfeu") %>% select(word) %>% 
INFO [2018-05-17 13:47:16]     unlist(), data %>% filter(artist == "georges-brassens") %>% 
INFO [2018-05-17 13:47:16]     select(word) %>% unlist())
INFO [2018-05-17 13:47:16] 
INFO [2018-05-17 13:47:16] $category.names
INFO [2018-05-17 13:47:16] c("Booba", "Nekfeu", "Brassens")
INFO [2018-05-17 13:47:16] 
INFO [2018-05-17 13:47:16] $filename
INFO [2018-05-17 13:47:16] [1] "venn.png"
INFO [2018-05-17 13:47:16] 
INFO [2018-05-17 13:47:16] $output
INFO [2018-05-17 13:47:16] [1] TRUE
INFO [2018-05-17 13:47:16] 
INFO [2018-05-17 13:47:16] $imagetype
INFO [2018-05-17 13:47:16] [1] "png"
INFO [2018-05-17 13:47:16] 
INFO [2018-05-17 13:47:16] $height
INFO [2018-05-17 13:47:16] [1] 480
INFO [2018-05-17 13:47:16] 
INFO [2018-05-17 13:47:16] $width
INFO [2018-05-17 13:47:16] [1] 480
INFO [2018-05-17 13:47:16] 
INFO [2018-05-17 13:47:16] $resolution
INFO [2018-05-17 13:47:16] [1] 300
INFO [2018-05-17 13:47:16] 
INFO [2018-05-17 13:47:16] $compression
INFO [2018-05-17 13:47:16] [1] "lzw"
INFO [2018-05-17 13:47:16] 
INFO [2018-05-17 13:47:16] $lwd
INFO [2018-05-17 13:47:16] [1] 1
INFO [2018-05-17 13:47:16] 
INFO [2018-05-17 13:47:16] $col
INFO [2018-05-17 13:47:16] c("#440154ff", "#21908dff", "#fde725ff")
INFO [2018-05-17 13:47:16] 
INFO [2018-05-17 13:47:16] $fill
INFO [2018-05-17 13:47:16] c(alpha("#440154ff", 0.3), alpha("#21908dff", 0.3), alpha("#fde725ff", 
INFO [2018-05-17 13:47:16]     0.3))
INFO [2018-05-17 13:47:16] 
INFO [2018-05-17 13:47:16] $cex
INFO [2018-05-17 13:47:16] [1] 0.5
INFO [2018-05-17 13:47:16] 
INFO [2018-05-17 13:47:16] $fontfamily
INFO [2018-05-17 13:47:16] [1] "sans"
INFO [2018-05-17 13:47:16] 
INFO [2018-05-17 13:47:16] $cat.cex
INFO [2018-05-17 13:47:16] [1] 0.6
INFO [2018-05-17 13:47:16] 
INFO [2018-05-17 13:47:16] $cat.default.pos
INFO [2018-05-17 13:47:16] [1] "outer"
INFO [2018-05-17 13:47:16] 
INFO [2018-05-17 13:47:16] $cat.pos
INFO [2018-05-17 13:47:16] c(-27, 27, 135)
INFO [2018-05-17 13:47:16] 
INFO [2018-05-17 13:47:16] $cat.dist
INFO [2018-05-17 13:47:16] c(0.055, 0.055, 0.085)
INFO [2018-05-17 13:47:16] 
INFO [2018-05-17 13:47:16] $cat.fontfamily
INFO [2018-05-17 13:47:16] [1] "sans"
INFO [2018-05-17 13:47:16] 
INFO [2018-05-17 13:47:16] $cat.col
INFO [2018-05-17 13:47:16] c("#440154ff", "#21908dff", "#fde725ff")
INFO [2018-05-17 13:47:16] 
INFO [2018-05-17 13:47:16] $rotation
INFO [2018-05-17 13:47:16] [1] 1
INFO [2018-05-17 13:47:16] 
