INFO [2018-07-05 16:59:24] $x
INFO [2018-07-05 16:59:24] list(data %>% filter(artist == "booba") %>% select(word) %>% 
INFO [2018-07-05 16:59:24]     unlist(), data %>% filter(artist == "nekfeu") %>% select(word) %>% 
INFO [2018-07-05 16:59:24]     unlist(), data %>% filter(artist == "georges-brassens") %>% 
INFO [2018-07-05 16:59:24]     select(word) %>% unlist())
INFO [2018-07-05 16:59:24] 
INFO [2018-07-05 16:59:24] $category.names
INFO [2018-07-05 16:59:24] c("Booba", "Nekfeu", "Brassens")
INFO [2018-07-05 16:59:24] 
INFO [2018-07-05 16:59:24] $filename
INFO [2018-07-05 16:59:24] [1] "venn.png"
INFO [2018-07-05 16:59:24] 
INFO [2018-07-05 16:59:24] $output
INFO [2018-07-05 16:59:24] [1] TRUE
INFO [2018-07-05 16:59:24] 
INFO [2018-07-05 16:59:24] $imagetype
INFO [2018-07-05 16:59:24] [1] "png"
INFO [2018-07-05 16:59:24] 
INFO [2018-07-05 16:59:24] $height
INFO [2018-07-05 16:59:24] [1] 480
INFO [2018-07-05 16:59:24] 
INFO [2018-07-05 16:59:24] $width
INFO [2018-07-05 16:59:24] [1] 480
INFO [2018-07-05 16:59:24] 
INFO [2018-07-05 16:59:24] $resolution
INFO [2018-07-05 16:59:24] [1] 300
INFO [2018-07-05 16:59:24] 
INFO [2018-07-05 16:59:24] $compression
INFO [2018-07-05 16:59:24] [1] "lzw"
INFO [2018-07-05 16:59:24] 
INFO [2018-07-05 16:59:24] $lwd
INFO [2018-07-05 16:59:24] [1] 1
INFO [2018-07-05 16:59:24] 
INFO [2018-07-05 16:59:24] $col
INFO [2018-07-05 16:59:24] c("#440154ff", "#21908dff", "#fde725ff")
INFO [2018-07-05 16:59:24] 
INFO [2018-07-05 16:59:24] $fill
INFO [2018-07-05 16:59:24] c(alpha("#440154ff", 0.3), alpha("#21908dff", 0.3), alpha("#fde725ff", 
INFO [2018-07-05 16:59:24]     0.3))
INFO [2018-07-05 16:59:24] 
INFO [2018-07-05 16:59:24] $cex
INFO [2018-07-05 16:59:24] [1] 0.5
INFO [2018-07-05 16:59:24] 
INFO [2018-07-05 16:59:24] $fontfamily
INFO [2018-07-05 16:59:24] [1] "sans"
INFO [2018-07-05 16:59:24] 
INFO [2018-07-05 16:59:24] $cat.cex
INFO [2018-07-05 16:59:24] [1] 0.6
INFO [2018-07-05 16:59:24] 
INFO [2018-07-05 16:59:24] $cat.default.pos
INFO [2018-07-05 16:59:24] [1] "outer"
INFO [2018-07-05 16:59:24] 
INFO [2018-07-05 16:59:24] $cat.pos
INFO [2018-07-05 16:59:24] c(-27, 27, 135)
INFO [2018-07-05 16:59:24] 
INFO [2018-07-05 16:59:24] $cat.dist
INFO [2018-07-05 16:59:24] c(0.055, 0.055, 0.085)
INFO [2018-07-05 16:59:24] 
INFO [2018-07-05 16:59:24] $cat.fontfamily
INFO [2018-07-05 16:59:24] [1] "sans"
INFO [2018-07-05 16:59:24] 
INFO [2018-07-05 16:59:24] $cat.col
INFO [2018-07-05 16:59:24] c("#440154ff", "#21908dff", "#fde725ff")
INFO [2018-07-05 16:59:24] 
INFO [2018-07-05 16:59:24] $rotation
INFO [2018-07-05 16:59:24] [1] 1
INFO [2018-07-05 16:59:24] 
