INFO [2024-06-14 11:16:55] $x
INFO [2024-06-14 11:16:55] list(data %>% filter(artist == "booba") %>% select(word) %>% 
INFO [2024-06-14 11:16:55]     unlist(), data %>% filter(artist == "nekfeu") %>% select(word) %>% 
INFO [2024-06-14 11:16:55]     unlist(), data %>% filter(artist == "georges-brassens") %>% 
INFO [2024-06-14 11:16:55]     select(word) %>% unlist())
INFO [2024-06-14 11:16:55] 
INFO [2024-06-14 11:16:55] $category.names
INFO [2024-06-14 11:16:55] c("Booba", "Nekfeu", "Brassens")
INFO [2024-06-14 11:16:55] 
INFO [2024-06-14 11:16:55] $filename
INFO [2024-06-14 11:16:55] [1] "venn.png"
INFO [2024-06-14 11:16:55] 
INFO [2024-06-14 11:16:55] $output
INFO [2024-06-14 11:16:55] [1] TRUE
INFO [2024-06-14 11:16:55] 
INFO [2024-06-14 11:16:55] $imagetype
INFO [2024-06-14 11:16:55] [1] "png"
INFO [2024-06-14 11:16:55] 
INFO [2024-06-14 11:16:55] $height
INFO [2024-06-14 11:16:55] [1] 480
INFO [2024-06-14 11:16:55] 
INFO [2024-06-14 11:16:55] $width
INFO [2024-06-14 11:16:55] [1] 480
INFO [2024-06-14 11:16:55] 
INFO [2024-06-14 11:16:55] $resolution
INFO [2024-06-14 11:16:55] [1] 300
INFO [2024-06-14 11:16:55] 
INFO [2024-06-14 11:16:55] $compression
INFO [2024-06-14 11:16:55] [1] "lzw"
INFO [2024-06-14 11:16:55] 
INFO [2024-06-14 11:16:55] $lwd
INFO [2024-06-14 11:16:55] [1] 1
INFO [2024-06-14 11:16:55] 
INFO [2024-06-14 11:16:55] $col
INFO [2024-06-14 11:16:55] c("#440154ff", "#21908dff", "#fde725ff")
INFO [2024-06-14 11:16:55] 
INFO [2024-06-14 11:16:55] $fill
INFO [2024-06-14 11:16:55] c(alpha("#440154ff", 0.3), alpha("#21908dff", 0.3), alpha("#fde725ff", 
INFO [2024-06-14 11:16:55]     0.3))
INFO [2024-06-14 11:16:55] 
INFO [2024-06-14 11:16:55] $cex
INFO [2024-06-14 11:16:55] [1] 0.5
INFO [2024-06-14 11:16:55] 
INFO [2024-06-14 11:16:55] $fontfamily
INFO [2024-06-14 11:16:55] [1] "sans"
INFO [2024-06-14 11:16:55] 
INFO [2024-06-14 11:16:55] $cat.cex
INFO [2024-06-14 11:16:55] [1] 0.6
INFO [2024-06-14 11:16:55] 
INFO [2024-06-14 11:16:55] $cat.default.pos
INFO [2024-06-14 11:16:55] [1] "outer"
INFO [2024-06-14 11:16:55] 
INFO [2024-06-14 11:16:55] $cat.pos
INFO [2024-06-14 11:16:55] c(-27, 27, 135)
INFO [2024-06-14 11:16:55] 
INFO [2024-06-14 11:16:55] $cat.dist
INFO [2024-06-14 11:16:55] c(0.055, 0.055, 0.085)
INFO [2024-06-14 11:16:55] 
INFO [2024-06-14 11:16:55] $cat.fontfamily
INFO [2024-06-14 11:16:55] [1] "sans"
INFO [2024-06-14 11:16:55] 
INFO [2024-06-14 11:16:55] $cat.col
INFO [2024-06-14 11:16:55] c("#440154ff", "#21908dff", "#fde725ff")
INFO [2024-06-14 11:16:55] 
INFO [2024-06-14 11:16:55] $rotation
INFO [2024-06-14 11:16:55] [1] 1
INFO [2024-06-14 11:16:55] 
