INFO [2018-06-19 18:38:10] $x
INFO [2018-06-19 18:38:10] list(data %>% filter(artist == "booba") %>% select(word) %>% 
INFO [2018-06-19 18:38:10]     unlist(), data %>% filter(artist == "nekfeu") %>% select(word) %>% 
INFO [2018-06-19 18:38:10]     unlist(), data %>% filter(artist == "georges-brassens") %>% 
INFO [2018-06-19 18:38:10]     select(word) %>% unlist())
INFO [2018-06-19 18:38:10] 
INFO [2018-06-19 18:38:10] $category.names
INFO [2018-06-19 18:38:10] c("Booba", "Nekfeu", "Brassens")
INFO [2018-06-19 18:38:10] 
INFO [2018-06-19 18:38:10] $filename
INFO [2018-06-19 18:38:10] [1] "venn.png"
INFO [2018-06-19 18:38:10] 
INFO [2018-06-19 18:38:10] $output
INFO [2018-06-19 18:38:10] [1] TRUE
INFO [2018-06-19 18:38:10] 
INFO [2018-06-19 18:38:10] $imagetype
INFO [2018-06-19 18:38:10] [1] "png"
INFO [2018-06-19 18:38:10] 
INFO [2018-06-19 18:38:10] $height
INFO [2018-06-19 18:38:10] [1] 480
INFO [2018-06-19 18:38:10] 
INFO [2018-06-19 18:38:10] $width
INFO [2018-06-19 18:38:10] [1] 480
INFO [2018-06-19 18:38:10] 
INFO [2018-06-19 18:38:10] $resolution
INFO [2018-06-19 18:38:10] [1] 300
INFO [2018-06-19 18:38:10] 
INFO [2018-06-19 18:38:10] $compression
INFO [2018-06-19 18:38:10] [1] "lzw"
INFO [2018-06-19 18:38:10] 
INFO [2018-06-19 18:38:10] $lwd
INFO [2018-06-19 18:38:10] [1] 1
INFO [2018-06-19 18:38:10] 
INFO [2018-06-19 18:38:10] $col
INFO [2018-06-19 18:38:10] c("#440154ff", "#21908dff", "#fde725ff")
INFO [2018-06-19 18:38:10] 
INFO [2018-06-19 18:38:10] $fill
INFO [2018-06-19 18:38:10] c(alpha("#440154ff", 0.3), alpha("#21908dff", 0.3), alpha("#fde725ff", 
INFO [2018-06-19 18:38:10]     0.3))
INFO [2018-06-19 18:38:10] 
INFO [2018-06-19 18:38:10] $cex
INFO [2018-06-19 18:38:10] [1] 0.5
INFO [2018-06-19 18:38:10] 
INFO [2018-06-19 18:38:10] $fontfamily
INFO [2018-06-19 18:38:10] [1] "sans"
INFO [2018-06-19 18:38:10] 
INFO [2018-06-19 18:38:10] $cat.cex
INFO [2018-06-19 18:38:10] [1] 0.6
INFO [2018-06-19 18:38:10] 
INFO [2018-06-19 18:38:10] $cat.default.pos
INFO [2018-06-19 18:38:10] [1] "outer"
INFO [2018-06-19 18:38:10] 
INFO [2018-06-19 18:38:10] $cat.pos
INFO [2018-06-19 18:38:10] c(-27, 27, 135)
INFO [2018-06-19 18:38:10] 
INFO [2018-06-19 18:38:10] $cat.dist
INFO [2018-06-19 18:38:10] c(0.055, 0.055, 0.085)
INFO [2018-06-19 18:38:10] 
INFO [2018-06-19 18:38:10] $cat.fontfamily
INFO [2018-06-19 18:38:10] [1] "sans"
INFO [2018-06-19 18:38:10] 
INFO [2018-06-19 18:38:10] $cat.col
INFO [2018-06-19 18:38:10] c("#440154ff", "#21908dff", "#fde725ff")
INFO [2018-06-19 18:38:10] 
INFO [2018-06-19 18:38:10] $rotation
INFO [2018-06-19 18:38:10] [1] 1
INFO [2018-06-19 18:38:10] 
