INFO [2018-05-17 12:13:30] $x
INFO [2018-05-17 12:13:30] list(data %>% filter(artist == "booba") %>% select(word) %>% 
INFO [2018-05-17 12:13:30]     unlist(), data %>% filter(artist == "nekfeu") %>% select(word) %>% 
INFO [2018-05-17 12:13:30]     unlist(), data %>% filter(artist == "georges-brassens") %>% 
INFO [2018-05-17 12:13:30]     select(word) %>% unlist())
INFO [2018-05-17 12:13:30] 
INFO [2018-05-17 12:13:30] $category.names
INFO [2018-05-17 12:13:30] c("Booba", "Nekfeu", "Brassens")
INFO [2018-05-17 12:13:30] 
INFO [2018-05-17 12:13:30] $filename
INFO [2018-05-17 12:13:30] [1] "venn.png"
INFO [2018-05-17 12:13:30] 
INFO [2018-05-17 12:13:30] $output
INFO [2018-05-17 12:13:30] [1] TRUE
INFO [2018-05-17 12:13:30] 
INFO [2018-05-17 12:13:30] $imagetype
INFO [2018-05-17 12:13:30] [1] "png"
INFO [2018-05-17 12:13:30] 
INFO [2018-05-17 12:13:30] $height
INFO [2018-05-17 12:13:30] [1] 480
INFO [2018-05-17 12:13:30] 
INFO [2018-05-17 12:13:30] $width
INFO [2018-05-17 12:13:30] [1] 480
INFO [2018-05-17 12:13:30] 
INFO [2018-05-17 12:13:30] $resolution
INFO [2018-05-17 12:13:30] [1] 300
INFO [2018-05-17 12:13:30] 
INFO [2018-05-17 12:13:30] $compression
INFO [2018-05-17 12:13:30] [1] "lzw"
INFO [2018-05-17 12:13:30] 
INFO [2018-05-17 12:13:30] $lwd
INFO [2018-05-17 12:13:30] [1] 1
INFO [2018-05-17 12:13:30] 
INFO [2018-05-17 12:13:30] $lty
INFO [2018-05-17 12:13:30] [1] "blank"
INFO [2018-05-17 12:13:30] 
INFO [2018-05-17 12:13:30] $fill
INFO [2018-05-17 12:13:30] c("yellow", "purple", "green")
INFO [2018-05-17 12:13:30] 
INFO [2018-05-17 12:13:30] $cex
INFO [2018-05-17 12:13:30] [1] 0.5
INFO [2018-05-17 12:13:30] 
INFO [2018-05-17 12:13:30] $fontfamily
INFO [2018-05-17 12:13:30] [1] "sans"
INFO [2018-05-17 12:13:30] 
INFO [2018-05-17 12:13:30] $cat.cex
INFO [2018-05-17 12:13:30] [1] 0.6
INFO [2018-05-17 12:13:30] 
INFO [2018-05-17 12:13:30] $cat.default.pos
INFO [2018-05-17 12:13:30] [1] "outer"
INFO [2018-05-17 12:13:30] 
INFO [2018-05-17 12:13:30] $cat.pos
INFO [2018-05-17 12:13:30] c(-27, 27, 135)
INFO [2018-05-17 12:13:30] 
INFO [2018-05-17 12:13:30] $cat.dist
INFO [2018-05-17 12:13:30] c(0.055, 0.055, 0.085)
INFO [2018-05-17 12:13:30] 
INFO [2018-05-17 12:13:30] $cat.fontfamily
INFO [2018-05-17 12:13:30] [1] "sans"
INFO [2018-05-17 12:13:30] 
INFO [2018-05-17 12:13:30] $rotation
INFO [2018-05-17 12:13:30] [1] 1
INFO [2018-05-17 12:13:30] 
