INFO [2018-05-17 13:51:52] $x
INFO [2018-05-17 13:51:52] list(data %>% filter(artist == "booba") %>% select(word) %>% 
INFO [2018-05-17 13:51:52]     unlist(), data %>% filter(artist == "nekfeu") %>% select(word) %>% 
INFO [2018-05-17 13:51:52]     unlist(), data %>% filter(artist == "georges-brassens") %>% 
INFO [2018-05-17 13:51:52]     select(word) %>% unlist())
INFO [2018-05-17 13:51:52] 
INFO [2018-05-17 13:51:52] $category.names
INFO [2018-05-17 13:51:52] c("Booba", "Nekfeu", "Brassens")
INFO [2018-05-17 13:51:52] 
INFO [2018-05-17 13:51:52] $filename
INFO [2018-05-17 13:51:52] [1] "venn.png"
INFO [2018-05-17 13:51:52] 
INFO [2018-05-17 13:51:52] $output
INFO [2018-05-17 13:51:52] [1] TRUE
INFO [2018-05-17 13:51:52] 
INFO [2018-05-17 13:51:52] $imagetype
INFO [2018-05-17 13:51:52] [1] "png"
INFO [2018-05-17 13:51:52] 
INFO [2018-05-17 13:51:52] $height
INFO [2018-05-17 13:51:52] [1] 480
INFO [2018-05-17 13:51:52] 
INFO [2018-05-17 13:51:52] $width
INFO [2018-05-17 13:51:52] [1] 480
INFO [2018-05-17 13:51:52] 
INFO [2018-05-17 13:51:52] $resolution
INFO [2018-05-17 13:51:52] [1] 300
INFO [2018-05-17 13:51:52] 
INFO [2018-05-17 13:51:52] $compression
INFO [2018-05-17 13:51:52] [1] "lzw"
INFO [2018-05-17 13:51:52] 
INFO [2018-05-17 13:51:52] $lwd
INFO [2018-05-17 13:51:52] [1] 1
INFO [2018-05-17 13:51:52] 
INFO [2018-05-17 13:51:52] $col
INFO [2018-05-17 13:51:52] c("#440154ff", "#21908dff", "#fde725ff")
INFO [2018-05-17 13:51:52] 
INFO [2018-05-17 13:51:52] $fill
INFO [2018-05-17 13:51:52] c(alpha("#440154ff", 0.3), alpha("#21908dff", 0.3), alpha("#fde725ff", 
INFO [2018-05-17 13:51:52]     0.3))
INFO [2018-05-17 13:51:52] 
INFO [2018-05-17 13:51:52] $cex
INFO [2018-05-17 13:51:52] [1] 0.5
INFO [2018-05-17 13:51:52] 
INFO [2018-05-17 13:51:52] $fontfamily
INFO [2018-05-17 13:51:52] [1] "sans"
INFO [2018-05-17 13:51:52] 
INFO [2018-05-17 13:51:52] $cat.cex
INFO [2018-05-17 13:51:52] [1] 0.6
INFO [2018-05-17 13:51:52] 
INFO [2018-05-17 13:51:52] $cat.default.pos
INFO [2018-05-17 13:51:52] [1] "outer"
INFO [2018-05-17 13:51:52] 
INFO [2018-05-17 13:51:52] $cat.pos
INFO [2018-05-17 13:51:52] c(-27, 27, 135)
INFO [2018-05-17 13:51:52] 
INFO [2018-05-17 13:51:52] $cat.dist
INFO [2018-05-17 13:51:52] c(0.055, 0.055, 0.085)
INFO [2018-05-17 13:51:52] 
INFO [2018-05-17 13:51:52] $cat.fontfamily
INFO [2018-05-17 13:51:52] [1] "sans"
INFO [2018-05-17 13:51:52] 
INFO [2018-05-17 13:51:52] $cat.col
INFO [2018-05-17 13:51:52] c("#440154ff", "#21908dff", "#fde725ff")
INFO [2018-05-17 13:51:52] 
INFO [2018-05-17 13:51:52] $rotation
INFO [2018-05-17 13:51:52] [1] 1
INFO [2018-05-17 13:51:52] 
