INFO [2018-07-04 16:44:08] $x
INFO [2018-07-04 16:44:08] list(data %>% filter(artist == "booba") %>% select(word) %>% 
INFO [2018-07-04 16:44:08]     unlist(), data %>% filter(artist == "nekfeu") %>% select(word) %>% 
INFO [2018-07-04 16:44:08]     unlist(), data %>% filter(artist == "georges-brassens") %>% 
INFO [2018-07-04 16:44:08]     select(word) %>% unlist())
INFO [2018-07-04 16:44:08] 
INFO [2018-07-04 16:44:08] $category.names
INFO [2018-07-04 16:44:08] c("Booba", "Nekfeu", "Brassens")
INFO [2018-07-04 16:44:08] 
INFO [2018-07-04 16:44:08] $filename
INFO [2018-07-04 16:44:08] [1] "venn.png"
INFO [2018-07-04 16:44:08] 
INFO [2018-07-04 16:44:08] $output
INFO [2018-07-04 16:44:08] [1] TRUE
INFO [2018-07-04 16:44:08] 
INFO [2018-07-04 16:44:08] $imagetype
INFO [2018-07-04 16:44:08] [1] "png"
INFO [2018-07-04 16:44:08] 
INFO [2018-07-04 16:44:08] $height
INFO [2018-07-04 16:44:08] [1] 480
INFO [2018-07-04 16:44:08] 
INFO [2018-07-04 16:44:08] $width
INFO [2018-07-04 16:44:08] [1] 480
INFO [2018-07-04 16:44:08] 
INFO [2018-07-04 16:44:08] $resolution
INFO [2018-07-04 16:44:08] [1] 300
INFO [2018-07-04 16:44:08] 
INFO [2018-07-04 16:44:08] $compression
INFO [2018-07-04 16:44:08] [1] "lzw"
INFO [2018-07-04 16:44:08] 
INFO [2018-07-04 16:44:08] $lwd
INFO [2018-07-04 16:44:08] [1] 1
INFO [2018-07-04 16:44:08] 
INFO [2018-07-04 16:44:08] $col
INFO [2018-07-04 16:44:08] c("#440154ff", "#21908dff", "#fde725ff")
INFO [2018-07-04 16:44:08] 
INFO [2018-07-04 16:44:08] $fill
INFO [2018-07-04 16:44:08] c(alpha("#440154ff", 0.3), alpha("#21908dff", 0.3), alpha("#fde725ff", 
INFO [2018-07-04 16:44:08]     0.3))
INFO [2018-07-04 16:44:08] 
INFO [2018-07-04 16:44:08] $cex
INFO [2018-07-04 16:44:08] [1] 0.5
INFO [2018-07-04 16:44:08] 
INFO [2018-07-04 16:44:08] $fontfamily
INFO [2018-07-04 16:44:08] [1] "sans"
INFO [2018-07-04 16:44:08] 
INFO [2018-07-04 16:44:08] $cat.cex
INFO [2018-07-04 16:44:08] [1] 0.6
INFO [2018-07-04 16:44:08] 
INFO [2018-07-04 16:44:08] $cat.default.pos
INFO [2018-07-04 16:44:08] [1] "outer"
INFO [2018-07-04 16:44:08] 
INFO [2018-07-04 16:44:08] $cat.pos
INFO [2018-07-04 16:44:08] c(-27, 27, 135)
INFO [2018-07-04 16:44:08] 
INFO [2018-07-04 16:44:08] $cat.dist
INFO [2018-07-04 16:44:08] c(0.055, 0.055, 0.085)
INFO [2018-07-04 16:44:08] 
INFO [2018-07-04 16:44:08] $cat.fontfamily
INFO [2018-07-04 16:44:08] [1] "sans"
INFO [2018-07-04 16:44:08] 
INFO [2018-07-04 16:44:08] $cat.col
INFO [2018-07-04 16:44:08] c("#440154ff", "#21908dff", "#fde725ff")
INFO [2018-07-04 16:44:08] 
INFO [2018-07-04 16:44:08] $rotation
INFO [2018-07-04 16:44:08] [1] 1
INFO [2018-07-04 16:44:08] 
