INFO [2018-07-04 16:43:19] $x
INFO [2018-07-04 16:43:19] list(data %>% filter(artist == "booba") %>% select(word) %>% 
INFO [2018-07-04 16:43:19]     unlist(), data %>% filter(artist == "nekfeu") %>% select(word) %>% 
INFO [2018-07-04 16:43:19]     unlist(), data %>% filter(artist == "georges-brassens") %>% 
INFO [2018-07-04 16:43:19]     select(word) %>% unlist())
INFO [2018-07-04 16:43:19] 
INFO [2018-07-04 16:43:19] $category.names
INFO [2018-07-04 16:43:19] c("Booba", "Nekfeu", "Brassens")
INFO [2018-07-04 16:43:19] 
INFO [2018-07-04 16:43:19] $filename
INFO [2018-07-04 16:43:19] [1] "venn.png"
INFO [2018-07-04 16:43:19] 
INFO [2018-07-04 16:43:19] $output
INFO [2018-07-04 16:43:19] [1] TRUE
INFO [2018-07-04 16:43:19] 
INFO [2018-07-04 16:43:19] $imagetype
INFO [2018-07-04 16:43:19] [1] "png"
INFO [2018-07-04 16:43:19] 
INFO [2018-07-04 16:43:19] $height
INFO [2018-07-04 16:43:19] [1] 480
INFO [2018-07-04 16:43:19] 
INFO [2018-07-04 16:43:19] $width
INFO [2018-07-04 16:43:19] [1] 480
INFO [2018-07-04 16:43:19] 
INFO [2018-07-04 16:43:19] $resolution
INFO [2018-07-04 16:43:19] [1] 300
INFO [2018-07-04 16:43:19] 
INFO [2018-07-04 16:43:19] $compression
INFO [2018-07-04 16:43:19] [1] "lzw"
INFO [2018-07-04 16:43:19] 
INFO [2018-07-04 16:43:19] $lwd
INFO [2018-07-04 16:43:19] [1] 1
INFO [2018-07-04 16:43:19] 
INFO [2018-07-04 16:43:19] $col
INFO [2018-07-04 16:43:19] c("#440154ff", "#21908dff", "#fde725ff")
INFO [2018-07-04 16:43:19] 
INFO [2018-07-04 16:43:19] $fill
INFO [2018-07-04 16:43:19] c(alpha("#440154ff", 0.3), alpha("#21908dff", 0.3), alpha("#fde725ff", 
INFO [2018-07-04 16:43:19]     0.3))
INFO [2018-07-04 16:43:19] 
INFO [2018-07-04 16:43:19] $cex
INFO [2018-07-04 16:43:19] [1] 0.5
INFO [2018-07-04 16:43:19] 
INFO [2018-07-04 16:43:19] $fontfamily
INFO [2018-07-04 16:43:19] [1] "sans"
INFO [2018-07-04 16:43:19] 
INFO [2018-07-04 16:43:19] $cat.cex
INFO [2018-07-04 16:43:19] [1] 0.6
INFO [2018-07-04 16:43:19] 
INFO [2018-07-04 16:43:19] $cat.default.pos
INFO [2018-07-04 16:43:19] [1] "outer"
INFO [2018-07-04 16:43:19] 
INFO [2018-07-04 16:43:19] $cat.pos
INFO [2018-07-04 16:43:19] c(-27, 27, 135)
INFO [2018-07-04 16:43:19] 
INFO [2018-07-04 16:43:19] $cat.dist
INFO [2018-07-04 16:43:19] c(0.055, 0.055, 0.085)
INFO [2018-07-04 16:43:19] 
INFO [2018-07-04 16:43:19] $cat.fontfamily
INFO [2018-07-04 16:43:19] [1] "sans"
INFO [2018-07-04 16:43:19] 
INFO [2018-07-04 16:43:19] $cat.col
INFO [2018-07-04 16:43:19] c("#440154ff", "#21908dff", "#fde725ff")
INFO [2018-07-04 16:43:19] 
INFO [2018-07-04 16:43:19] $rotation
INFO [2018-07-04 16:43:19] [1] 1
INFO [2018-07-04 16:43:19] 
