INFO [2018-06-19 09:12:57] $x
INFO [2018-06-19 09:12:57] list(data %>% filter(artist == "booba") %>% select(word) %>% 
INFO [2018-06-19 09:12:57]     unlist(), data %>% filter(artist == "nekfeu") %>% select(word) %>% 
INFO [2018-06-19 09:12:57]     unlist(), data %>% filter(artist == "georges-brassens") %>% 
INFO [2018-06-19 09:12:57]     select(word) %>% unlist())
INFO [2018-06-19 09:12:57] 
INFO [2018-06-19 09:12:57] $category.names
INFO [2018-06-19 09:12:57] c("Booba", "Nekfeu", "Brassens")
INFO [2018-06-19 09:12:57] 
INFO [2018-06-19 09:12:57] $filename
INFO [2018-06-19 09:12:57] [1] "IMG/venn.png"
INFO [2018-06-19 09:12:57] 
INFO [2018-06-19 09:12:57] $output
INFO [2018-06-19 09:12:57] [1] TRUE
INFO [2018-06-19 09:12:57] 
INFO [2018-06-19 09:12:57] $imagetype
INFO [2018-06-19 09:12:57] [1] "png"
INFO [2018-06-19 09:12:57] 
INFO [2018-06-19 09:12:57] $height
INFO [2018-06-19 09:12:57] [1] 480
INFO [2018-06-19 09:12:57] 
INFO [2018-06-19 09:12:57] $width
INFO [2018-06-19 09:12:57] [1] 480
INFO [2018-06-19 09:12:57] 
INFO [2018-06-19 09:12:57] $resolution
INFO [2018-06-19 09:12:57] [1] 300
INFO [2018-06-19 09:12:57] 
INFO [2018-06-19 09:12:57] $compression
INFO [2018-06-19 09:12:57] [1] "lzw"
INFO [2018-06-19 09:12:57] 
INFO [2018-06-19 09:12:57] $lwd
INFO [2018-06-19 09:12:57] [1] 1
INFO [2018-06-19 09:12:57] 
INFO [2018-06-19 09:12:57] $col
INFO [2018-06-19 09:12:57] c("#440154ff", "#21908dff", "#fde725ff")
INFO [2018-06-19 09:12:57] 
INFO [2018-06-19 09:12:57] $fill
INFO [2018-06-19 09:12:57] c(alpha("#440154ff", 0.3), alpha("#21908dff", 0.3), alpha("#fde725ff", 
INFO [2018-06-19 09:12:57]     0.3))
INFO [2018-06-19 09:12:57] 
INFO [2018-06-19 09:12:57] $cex
INFO [2018-06-19 09:12:57] [1] 0.5
INFO [2018-06-19 09:12:57] 
INFO [2018-06-19 09:12:57] $fontfamily
INFO [2018-06-19 09:12:57] [1] "sans"
INFO [2018-06-19 09:12:57] 
INFO [2018-06-19 09:12:57] $cat.cex
INFO [2018-06-19 09:12:57] [1] 0.6
INFO [2018-06-19 09:12:57] 
INFO [2018-06-19 09:12:57] $cat.default.pos
INFO [2018-06-19 09:12:57] [1] "outer"
INFO [2018-06-19 09:12:57] 
INFO [2018-06-19 09:12:57] $cat.pos
INFO [2018-06-19 09:12:57] c(-27, 27, 135)
INFO [2018-06-19 09:12:57] 
INFO [2018-06-19 09:12:57] $cat.dist
INFO [2018-06-19 09:12:57] c(0.055, 0.055, 0.085)
INFO [2018-06-19 09:12:57] 
INFO [2018-06-19 09:12:57] $cat.fontfamily
INFO [2018-06-19 09:12:57] [1] "sans"
INFO [2018-06-19 09:12:57] 
INFO [2018-06-19 09:12:57] $cat.col
INFO [2018-06-19 09:12:57] c("#440154ff", "#21908dff", "#fde725ff")
INFO [2018-06-19 09:12:57] 
INFO [2018-06-19 09:12:57] $rotation
INFO [2018-06-19 09:12:57] [1] 1
INFO [2018-06-19 09:12:57] 
