INFO [2018-06-19 09:28:45] $x
INFO [2018-06-19 09:28:45] list(data %>% filter(artist == "booba") %>% select(word) %>% 
INFO [2018-06-19 09:28:45]     unlist(), data %>% filter(artist == "nekfeu") %>% select(word) %>% 
INFO [2018-06-19 09:28:45]     unlist(), data %>% filter(artist == "georges-brassens") %>% 
INFO [2018-06-19 09:28:45]     select(word) %>% unlist())
INFO [2018-06-19 09:28:45] 
INFO [2018-06-19 09:28:45] $category.names
INFO [2018-06-19 09:28:45] c("Booba", "Nekfeu", "Brassens")
INFO [2018-06-19 09:28:45] 
INFO [2018-06-19 09:28:45] $filename
INFO [2018-06-19 09:28:45] [1] "IMG/venn.png"
INFO [2018-06-19 09:28:45] 
INFO [2018-06-19 09:28:45] $output
INFO [2018-06-19 09:28:45] [1] TRUE
INFO [2018-06-19 09:28:45] 
INFO [2018-06-19 09:28:45] $imagetype
INFO [2018-06-19 09:28:45] [1] "png"
INFO [2018-06-19 09:28:45] 
INFO [2018-06-19 09:28:45] $height
INFO [2018-06-19 09:28:45] [1] 480
INFO [2018-06-19 09:28:45] 
INFO [2018-06-19 09:28:45] $width
INFO [2018-06-19 09:28:45] [1] 480
INFO [2018-06-19 09:28:45] 
INFO [2018-06-19 09:28:45] $resolution
INFO [2018-06-19 09:28:45] [1] 300
INFO [2018-06-19 09:28:45] 
INFO [2018-06-19 09:28:45] $compression
INFO [2018-06-19 09:28:45] [1] "lzw"
INFO [2018-06-19 09:28:45] 
INFO [2018-06-19 09:28:45] $lwd
INFO [2018-06-19 09:28:45] [1] 1
INFO [2018-06-19 09:28:45] 
INFO [2018-06-19 09:28:45] $col
INFO [2018-06-19 09:28:45] c("#440154ff", "#21908dff", "#fde725ff")
INFO [2018-06-19 09:28:45] 
INFO [2018-06-19 09:28:45] $fill
INFO [2018-06-19 09:28:45] c(alpha("#440154ff", 0.3), alpha("#21908dff", 0.3), alpha("#fde725ff", 
INFO [2018-06-19 09:28:45]     0.3))
INFO [2018-06-19 09:28:45] 
INFO [2018-06-19 09:28:45] $cex
INFO [2018-06-19 09:28:45] [1] 0.5
INFO [2018-06-19 09:28:45] 
INFO [2018-06-19 09:28:45] $fontfamily
INFO [2018-06-19 09:28:45] [1] "sans"
INFO [2018-06-19 09:28:45] 
INFO [2018-06-19 09:28:45] $cat.cex
INFO [2018-06-19 09:28:45] [1] 0.6
INFO [2018-06-19 09:28:45] 
INFO [2018-06-19 09:28:45] $cat.default.pos
INFO [2018-06-19 09:28:45] [1] "outer"
INFO [2018-06-19 09:28:45] 
INFO [2018-06-19 09:28:45] $cat.pos
INFO [2018-06-19 09:28:45] c(-27, 27, 135)
INFO [2018-06-19 09:28:45] 
INFO [2018-06-19 09:28:45] $cat.dist
INFO [2018-06-19 09:28:45] c(0.055, 0.055, 0.085)
INFO [2018-06-19 09:28:45] 
INFO [2018-06-19 09:28:45] $cat.fontfamily
INFO [2018-06-19 09:28:45] [1] "sans"
INFO [2018-06-19 09:28:45] 
INFO [2018-06-19 09:28:45] $cat.col
INFO [2018-06-19 09:28:45] c("#440154ff", "#21908dff", "#fde725ff")
INFO [2018-06-19 09:28:45] 
INFO [2018-06-19 09:28:45] $rotation
INFO [2018-06-19 09:28:45] [1] 1
INFO [2018-06-19 09:28:45] 
