INFO [2018-06-19 09:30:11] $x
INFO [2018-06-19 09:30:11] list(data %>% filter(artist == "booba") %>% select(word) %>% 
INFO [2018-06-19 09:30:11]     unlist(), data %>% filter(artist == "nekfeu") %>% select(word) %>% 
INFO [2018-06-19 09:30:11]     unlist(), data %>% filter(artist == "georges-brassens") %>% 
INFO [2018-06-19 09:30:11]     select(word) %>% unlist())
INFO [2018-06-19 09:30:11] 
INFO [2018-06-19 09:30:11] $category.names
INFO [2018-06-19 09:30:11] c("Booba", "Nekfeu", "Brassens")
INFO [2018-06-19 09:30:11] 
INFO [2018-06-19 09:30:11] $filename
INFO [2018-06-19 09:30:11] [1] "IMG/venn.png"
INFO [2018-06-19 09:30:11] 
INFO [2018-06-19 09:30:11] $output
INFO [2018-06-19 09:30:11] [1] TRUE
INFO [2018-06-19 09:30:11] 
INFO [2018-06-19 09:30:11] $imagetype
INFO [2018-06-19 09:30:11] [1] "png"
INFO [2018-06-19 09:30:11] 
INFO [2018-06-19 09:30:11] $height
INFO [2018-06-19 09:30:11] [1] 480
INFO [2018-06-19 09:30:11] 
INFO [2018-06-19 09:30:11] $width
INFO [2018-06-19 09:30:11] [1] 480
INFO [2018-06-19 09:30:11] 
INFO [2018-06-19 09:30:11] $resolution
INFO [2018-06-19 09:30:11] [1] 300
INFO [2018-06-19 09:30:11] 
INFO [2018-06-19 09:30:11] $compression
INFO [2018-06-19 09:30:11] [1] "lzw"
INFO [2018-06-19 09:30:11] 
INFO [2018-06-19 09:30:11] $lwd
INFO [2018-06-19 09:30:11] [1] 1
INFO [2018-06-19 09:30:11] 
INFO [2018-06-19 09:30:11] $col
INFO [2018-06-19 09:30:11] c("#440154ff", "#21908dff", "#fde725ff")
INFO [2018-06-19 09:30:11] 
INFO [2018-06-19 09:30:11] $fill
INFO [2018-06-19 09:30:11] c(alpha("#440154ff", 0.3), alpha("#21908dff", 0.3), alpha("#fde725ff", 
INFO [2018-06-19 09:30:11]     0.3))
INFO [2018-06-19 09:30:11] 
INFO [2018-06-19 09:30:11] $cex
INFO [2018-06-19 09:30:11] [1] 0.5
INFO [2018-06-19 09:30:11] 
INFO [2018-06-19 09:30:11] $fontfamily
INFO [2018-06-19 09:30:11] [1] "sans"
INFO [2018-06-19 09:30:11] 
INFO [2018-06-19 09:30:11] $cat.cex
INFO [2018-06-19 09:30:11] [1] 0.6
INFO [2018-06-19 09:30:11] 
INFO [2018-06-19 09:30:11] $cat.default.pos
INFO [2018-06-19 09:30:11] [1] "outer"
INFO [2018-06-19 09:30:11] 
INFO [2018-06-19 09:30:11] $cat.pos
INFO [2018-06-19 09:30:11] c(-27, 27, 135)
INFO [2018-06-19 09:30:11] 
INFO [2018-06-19 09:30:11] $cat.dist
INFO [2018-06-19 09:30:11] c(0.055, 0.055, 0.085)
INFO [2018-06-19 09:30:11] 
INFO [2018-06-19 09:30:11] $cat.fontfamily
INFO [2018-06-19 09:30:11] [1] "sans"
INFO [2018-06-19 09:30:11] 
INFO [2018-06-19 09:30:11] $cat.col
INFO [2018-06-19 09:30:11] c("#440154ff", "#21908dff", "#fde725ff")
INFO [2018-06-19 09:30:11] 
INFO [2018-06-19 09:30:11] $rotation
INFO [2018-06-19 09:30:11] [1] 1
INFO [2018-06-19 09:30:11] 
