INFO [2018-06-19 09:40:53] $x
INFO [2018-06-19 09:40:53] list(data %>% filter(artist == "booba") %>% select(word) %>% 
INFO [2018-06-19 09:40:53]     unlist(), data %>% filter(artist == "nekfeu") %>% select(word) %>% 
INFO [2018-06-19 09:40:53]     unlist(), data %>% filter(artist == "georges-brassens") %>% 
INFO [2018-06-19 09:40:53]     select(word) %>% unlist())
INFO [2018-06-19 09:40:53] 
INFO [2018-06-19 09:40:53] $category.names
INFO [2018-06-19 09:40:53] c("Booba", "Nekfeu", "Brassens")
INFO [2018-06-19 09:40:53] 
INFO [2018-06-19 09:40:53] $filename
INFO [2018-06-19 09:40:53] [1] "IMG/venn.png"
INFO [2018-06-19 09:40:53] 
INFO [2018-06-19 09:40:53] $output
INFO [2018-06-19 09:40:53] [1] TRUE
INFO [2018-06-19 09:40:53] 
INFO [2018-06-19 09:40:53] $imagetype
INFO [2018-06-19 09:40:53] [1] "png"
INFO [2018-06-19 09:40:53] 
INFO [2018-06-19 09:40:53] $height
INFO [2018-06-19 09:40:53] [1] 480
INFO [2018-06-19 09:40:53] 
INFO [2018-06-19 09:40:53] $width
INFO [2018-06-19 09:40:53] [1] 480
INFO [2018-06-19 09:40:53] 
INFO [2018-06-19 09:40:53] $resolution
INFO [2018-06-19 09:40:53] [1] 300
INFO [2018-06-19 09:40:53] 
INFO [2018-06-19 09:40:53] $compression
INFO [2018-06-19 09:40:53] [1] "lzw"
INFO [2018-06-19 09:40:53] 
INFO [2018-06-19 09:40:53] $lwd
INFO [2018-06-19 09:40:53] [1] 1
INFO [2018-06-19 09:40:53] 
INFO [2018-06-19 09:40:53] $col
INFO [2018-06-19 09:40:53] c("#440154ff", "#21908dff", "#fde725ff")
INFO [2018-06-19 09:40:53] 
INFO [2018-06-19 09:40:53] $fill
INFO [2018-06-19 09:40:53] c(alpha("#440154ff", 0.3), alpha("#21908dff", 0.3), alpha("#fde725ff", 
INFO [2018-06-19 09:40:53]     0.3))
INFO [2018-06-19 09:40:53] 
INFO [2018-06-19 09:40:53] $cex
INFO [2018-06-19 09:40:53] [1] 0.5
INFO [2018-06-19 09:40:53] 
INFO [2018-06-19 09:40:53] $fontfamily
INFO [2018-06-19 09:40:53] [1] "sans"
INFO [2018-06-19 09:40:53] 
INFO [2018-06-19 09:40:53] $cat.cex
INFO [2018-06-19 09:40:53] [1] 0.6
INFO [2018-06-19 09:40:53] 
INFO [2018-06-19 09:40:53] $cat.default.pos
INFO [2018-06-19 09:40:53] [1] "outer"
INFO [2018-06-19 09:40:53] 
INFO [2018-06-19 09:40:53] $cat.pos
INFO [2018-06-19 09:40:53] c(-27, 27, 135)
INFO [2018-06-19 09:40:53] 
INFO [2018-06-19 09:40:53] $cat.dist
INFO [2018-06-19 09:40:53] c(0.055, 0.055, 0.085)
INFO [2018-06-19 09:40:53] 
INFO [2018-06-19 09:40:53] $cat.fontfamily
INFO [2018-06-19 09:40:53] [1] "sans"
INFO [2018-06-19 09:40:53] 
INFO [2018-06-19 09:40:53] $cat.col
INFO [2018-06-19 09:40:53] c("#440154ff", "#21908dff", "#fde725ff")
INFO [2018-06-19 09:40:53] 
INFO [2018-06-19 09:40:53] $rotation
INFO [2018-06-19 09:40:53] [1] 1
INFO [2018-06-19 09:40:53] 
