INFO [2018-06-19 09:56:00] $x
INFO [2018-06-19 09:56:00] list(data %>% filter(artist == "booba") %>% select(word) %>% 
INFO [2018-06-19 09:56:00]     unlist(), data %>% filter(artist == "nekfeu") %>% select(word) %>% 
INFO [2018-06-19 09:56:00]     unlist(), data %>% filter(artist == "georges-brassens") %>% 
INFO [2018-06-19 09:56:00]     select(word) %>% unlist())
INFO [2018-06-19 09:56:00] 
INFO [2018-06-19 09:56:00] $category.names
INFO [2018-06-19 09:56:00] c("Booba (1995)", "Nekfeu (663)", "Brassens (471)")
INFO [2018-06-19 09:56:00] 
INFO [2018-06-19 09:56:00] $filename
INFO [2018-06-19 09:56:00] [1] "IMG/venn.png"
INFO [2018-06-19 09:56:00] 
INFO [2018-06-19 09:56:00] $output
INFO [2018-06-19 09:56:00] [1] TRUE
INFO [2018-06-19 09:56:00] 
INFO [2018-06-19 09:56:00] $imagetype
INFO [2018-06-19 09:56:00] [1] "png"
INFO [2018-06-19 09:56:00] 
INFO [2018-06-19 09:56:00] $height
INFO [2018-06-19 09:56:00] [1] 480
INFO [2018-06-19 09:56:00] 
INFO [2018-06-19 09:56:00] $width
INFO [2018-06-19 09:56:00] [1] 480
INFO [2018-06-19 09:56:00] 
INFO [2018-06-19 09:56:00] $resolution
INFO [2018-06-19 09:56:00] [1] 300
INFO [2018-06-19 09:56:00] 
INFO [2018-06-19 09:56:00] $compression
INFO [2018-06-19 09:56:00] [1] "lzw"
INFO [2018-06-19 09:56:00] 
INFO [2018-06-19 09:56:00] $lwd
INFO [2018-06-19 09:56:00] [1] 1
INFO [2018-06-19 09:56:00] 
INFO [2018-06-19 09:56:00] $col
INFO [2018-06-19 09:56:00] c("#440154ff", "#21908dff", "#fde725ff")
INFO [2018-06-19 09:56:00] 
INFO [2018-06-19 09:56:00] $fill
INFO [2018-06-19 09:56:00] c(alpha("#440154ff", 0.3), alpha("#21908dff", 0.3), alpha("#fde725ff", 
INFO [2018-06-19 09:56:00]     0.3))
INFO [2018-06-19 09:56:00] 
INFO [2018-06-19 09:56:00] $cex
INFO [2018-06-19 09:56:00] [1] 0.5
INFO [2018-06-19 09:56:00] 
INFO [2018-06-19 09:56:00] $fontfamily
INFO [2018-06-19 09:56:00] [1] "sans"
INFO [2018-06-19 09:56:00] 
INFO [2018-06-19 09:56:00] $cat.cex
INFO [2018-06-19 09:56:00] [1] 0.3
INFO [2018-06-19 09:56:00] 
INFO [2018-06-19 09:56:00] $cat.default.pos
INFO [2018-06-19 09:56:00] [1] "outer"
INFO [2018-06-19 09:56:00] 
INFO [2018-06-19 09:56:00] $cat.pos
INFO [2018-06-19 09:56:00] c(-27, 27, 135)
INFO [2018-06-19 09:56:00] 
INFO [2018-06-19 09:56:00] $cat.dist
INFO [2018-06-19 09:56:00] c(0.055, 0.055, 0.085)
INFO [2018-06-19 09:56:00] 
INFO [2018-06-19 09:56:00] $cat.fontfamily
INFO [2018-06-19 09:56:00] [1] "sans"
INFO [2018-06-19 09:56:00] 
INFO [2018-06-19 09:56:00] $cat.col
INFO [2018-06-19 09:56:00] c("#440154ff", "#21908dff", "#fde725ff")
INFO [2018-06-19 09:56:00] 
INFO [2018-06-19 09:56:00] $rotation
INFO [2018-06-19 09:56:00] [1] 1
INFO [2018-06-19 09:56:00] 
