INFO [2018-06-19 09:51:32] $x
INFO [2018-06-19 09:51:32] list(data %>% filter(artist == "booba") %>% select(word) %>% 
INFO [2018-06-19 09:51:32]     unlist(), data %>% filter(artist == "nekfeu") %>% select(word) %>% 
INFO [2018-06-19 09:51:32]     unlist(), data %>% filter(artist == "georges-brassens") %>% 
INFO [2018-06-19 09:51:32]     select(word) %>% unlist())
INFO [2018-06-19 09:51:32] 
INFO [2018-06-19 09:51:32] $category.names
INFO [2018-06-19 09:51:32] c("Booba", "Nekfeu", "Brassens")
INFO [2018-06-19 09:51:32] 
INFO [2018-06-19 09:51:32] $filename
INFO [2018-06-19 09:51:32] [1] "IMG/venn.png"
INFO [2018-06-19 09:51:32] 
INFO [2018-06-19 09:51:32] $output
INFO [2018-06-19 09:51:32] [1] TRUE
INFO [2018-06-19 09:51:32] 
INFO [2018-06-19 09:51:32] $imagetype
INFO [2018-06-19 09:51:32] [1] "png"
INFO [2018-06-19 09:51:32] 
INFO [2018-06-19 09:51:32] $height
INFO [2018-06-19 09:51:32] [1] 480
INFO [2018-06-19 09:51:32] 
INFO [2018-06-19 09:51:32] $width
INFO [2018-06-19 09:51:32] [1] 480
INFO [2018-06-19 09:51:32] 
INFO [2018-06-19 09:51:32] $resolution
INFO [2018-06-19 09:51:32] [1] 300
INFO [2018-06-19 09:51:32] 
INFO [2018-06-19 09:51:32] $compression
INFO [2018-06-19 09:51:32] [1] "lzw"
INFO [2018-06-19 09:51:32] 
INFO [2018-06-19 09:51:32] $lwd
INFO [2018-06-19 09:51:32] [1] 1
INFO [2018-06-19 09:51:32] 
INFO [2018-06-19 09:51:32] $col
INFO [2018-06-19 09:51:32] c("#440154ff", "#21908dff", "#fde725ff")
INFO [2018-06-19 09:51:32] 
INFO [2018-06-19 09:51:32] $fill
INFO [2018-06-19 09:51:32] c(alpha("#440154ff", 0.3), alpha("#21908dff", 0.3), alpha("#fde725ff", 
INFO [2018-06-19 09:51:32]     0.3))
INFO [2018-06-19 09:51:32] 
INFO [2018-06-19 09:51:32] $cex
INFO [2018-06-19 09:51:32] [1] 0.5
INFO [2018-06-19 09:51:32] 
INFO [2018-06-19 09:51:32] $fontfamily
INFO [2018-06-19 09:51:32] [1] "sans"
INFO [2018-06-19 09:51:32] 
INFO [2018-06-19 09:51:32] $cat.cex
INFO [2018-06-19 09:51:32] [1] 0.6
INFO [2018-06-19 09:51:32] 
INFO [2018-06-19 09:51:32] $cat.default.pos
INFO [2018-06-19 09:51:32] [1] "outer"
INFO [2018-06-19 09:51:32] 
INFO [2018-06-19 09:51:32] $cat.pos
INFO [2018-06-19 09:51:32] c(-27, 27, 135)
INFO [2018-06-19 09:51:32] 
INFO [2018-06-19 09:51:32] $cat.dist
INFO [2018-06-19 09:51:32] c(0.055, 0.055, 0.085)
INFO [2018-06-19 09:51:32] 
INFO [2018-06-19 09:51:32] $cat.fontfamily
INFO [2018-06-19 09:51:32] [1] "sans"
INFO [2018-06-19 09:51:32] 
INFO [2018-06-19 09:51:32] $cat.col
INFO [2018-06-19 09:51:32] c("#440154ff", "#21908dff", "#fde725ff")
INFO [2018-06-19 09:51:32] 
INFO [2018-06-19 09:51:32] $rotation
INFO [2018-06-19 09:51:32] [1] 1
INFO [2018-06-19 09:51:32] 
